****************************************************************
*       Calculation started on: Fri May 31 10:32:07 2024       *
****************************************************************
Timestep     Number of nodes      Mean crossing time     Crossed probability
       1                   2      0.5000000000000000      0.5000000000000000
       2                   6      0.5000000000000000      0.5000000000000000
       3                   8      0.8750000000000000      0.6250000000000000
       4                  15      0.8750000000000000      0.6250000000000000
       5                  18      1.1875000000000000      0.6875000000000000
       6                  28      1.1875000000000000      0.6875000000000000
       7                  32      1.4609375000000000      0.7265625000000000
       8                  45      1.4609375000000000      0.7265625000000000
       9                  50      1.7070312500000000      0.7539062500000000
      10                  66      1.7070312500000000      0.7539062500000000
      11                  72      1.9326171875000000      0.7744140625000000
      12                  91      1.9326171875000000      0.7744140625000000
      13                  98      2.1420898437500000      0.7905273437500000
      14                 120      2.1420898437500000      0.7905273437500000
      15                 128      2.3384704589843750      0.8036193847656250
      16                 153      2.3384704589843750      0.8036193847656250
      17                 162      2.5239410400390625      0.8145294189453125
      18                 190      2.5239410400390625      0.8145294189453125
      19                 200      2.7001380920410156      0.8238029479980469
      20                 231      2.7001380920410156      0.8238029479980469
      21                 242      2.8683261871337891      0.8318119049072266
      22                 276      2.8683261871337891      0.8318119049072266
      23                 288      3.0295064449310303      0.8388197422027588
      24                 325      3.0295064449310303      0.8388197422027588
      25                 338      3.1844874620437622      0.8450189828872681
      26                 378      3.1844874620437622      0.8450189828872681
      27                 392      3.3339334428310394      0.8505540192127228
      28                 435      3.3339334428310394      0.8505540192127228
      29                 450      3.4783978909254056      0.8555355519056320
      30                 496      3.4783978909254056      0.8555355519056320
      31                 512      3.6183478250168246      0.8600500659085815
      32                 561      3.6183478250168246      0.8600500659085815
      33                 578      3.7541815845761430      0.8641662404406809
      34                 630      3.7541815845761430      0.8641662404406809
      35                 648      3.8862421841477044      0.8679394004284395
      36                 703      3.8862421841477044      0.8679394004284395
      37                 722      4.0148275047831721      0.8714146793645328
      38                 780      4.0148275047831721      0.8714146793645328
      39                 800      4.1401981924027496      0.8746293123804190
      40                 861      4.1401981924027496      0.8746293123804190
      41                 882      4.2625838636504287      0.8776143287523139
      42                 946      4.2625838636504287      0.8776143287523139
      43                 968      4.3821880423697639      0.8803958212806717
      44                1035      4.3821880423697639      0.8803958212806717
      45                1058      4.4991921302473727      0.8829959121223969
      46                1128      4.4991921302473727      0.8829959121223969
      47                1152      4.6137586329608578      0.8854334972865132
      48                1225      4.6137586329608578      0.8854334972865132
      49                1250      4.7260338056200712      0.8877248273407830
      50                1326      4.7260338056200712      0.8877248273407830
      51                1352      4.8361498403435306      0.8898839652765376
      52                1431      4.8361498403435306      0.8898839652765376
      53                1458      4.9442266892387909      0.8919231511047503
      54                1540      4.9442266892387909      0.8919231511047503
      55                1568      5.0503735944037658      0.8938530948350223
      56                1653      5.0503735944037658      0.8938530948350223
      57                1682      5.1546903805141771      0.8956832138895907
      58                1770      5.1546903805141771      0.8956832138895907
      59                1800      5.2572685535227404      0.8974218269914307
      60                1891      5.2572685535227404      0.8974218269914307
      61                1922      5.3581922398698882      0.8990763136528594
      62                2016      5.3581922398698882      0.8990763136528594
      63                2048      5.4575389936178560      0.9006532462520336
      64                2145      5.4575389936178560      0.9006532462520336
      65                2178      5.5553804935211524      0.9021585000966998
      66                2278      5.5553804935211524      0.9021585000966998
      67                2312      5.6517831478376390      0.9035973456835129
      68                2415      5.6517831478376390      0.9035973456835129
      69                2450      5.7468086213781824      0.9049745264594635
      70                2556      5.7468086213781824      0.9049745264594635
      71                2592      5.8405142966751118      0.9062943247030824
      72                2701      5.8405142966751118      0.9062943247030824
      73                2738      5.9329536790626154      0.9075606176125000
      74                2850      5.9329536790626154      0.9075606176125000
      75                2888      6.0241767537871258      0.9087769252754940
      76                3003      6.0241767537871258      0.9087769252754940
      77                3042      6.1142303019125972      0.9099464518745266
      78                3160      6.1142303019125972      0.9099464518745266
      79                3200      6.2031581806865059      0.9110721212260953
      80                3321      6.2031581806865059      0.9110721212260953
      81                3362      6.2910015731338973      0.9121566075526073
      82                3486      6.2910015731338973      0.9121566075526073
      83                3528      6.3777992109093002      0.9132023622245993
      84                3655      6.3777992109093002      0.9132023622245993
      85                3698      6.4635875738268496      0.9142116370824525
      86                3828      6.4635875738268496      0.9142116370824525
      87                3872      6.5484010689839671      0.9151865048428789
      88                4005      6.5484010689839671      0.9151865048428789
      89                4050      6.6322721919726764      0.9161288770112908
      90                4186      6.6322721919726764      0.9161288770112908
      91                4232      6.7152316723202112      0.9170405196524711
      92                4371      6.7152316723202112      0.9170405196524711
      93                4418      6.7973086050044671      0.9179230673157432
      94                4560      6.7973086050044671      0.9179230673157432
      95                4608      6.8785305696399224      0.9187780353645381
      96                4753      6.8785305696399224      0.9187780353645381
      97                4802      6.9589237387178837      0.9196068309220431
      98                4950      6.9589237387178837      0.9196068309220431
      99                5000      7.0385129761050678      0.9204107626128224
     100                5151      7.0385129761050678      0.9204107626128224
     101                5202      7.1173219268512007      0.9211910492538733
     102                5356      7.1173219268512007      0.9211910492538733
     103                5408      7.1953730992247689      0.9219488276264316
     104                5565      7.1953730992247689      0.9219488276264316
     105                5618      7.2726879397834896      0.9226851594412759
     106                5778      7.2726879397834896      0.9226851594412759
     107                5832      7.3492869021888900      0.9234010375945965
     108                5995      7.3492869021888900      0.9234010375945965
     109                6050      7.4251895103906094      0.9240973917982815
     110                6216      7.4251895103906094      0.9240973917982815
     111                6272      7.5004144167333848      0.9247750936572250
     112                6441      7.5004144167333848      0.9247750936572250
     113                6498      7.5749794554766563      0.9254349612567228
     114                6670      7.5749794554766563      0.9254349612567228
     115                6728      7.6489016921617949      0.9260777633148540
     116                6903      7.6489016921617949      0.9260777633148540
     117                6962      7.7221974692140165      0.9267042229477778
     118                7140      7.7221974692140165      0.9267042229477778
     119                7200      7.7948824481241346      0.9273150210898802
     120                7381      7.7948824481241346      0.9273150210898802
     121                7442      7.8669716485185965      0.9279107996055360
     122                7626      7.8669716485185965      0.9279107996055360
     123                7688      7.9384794843937421      0.9284921641248458
     124                7875      7.9384794843937421      0.9284921641248458
     125                7938      8.0094197977619324      0.9290596866317922
     126                8128      8.0094197977619324      0.9290596866317922
     127                8192      8.0798058899319436      0.9296139078299805
     128                8385      8.0798058899319436      0.9296139078299805
     129                8450      8.1496505506237114      0.9301553393082107
     130                8646      8.1496505506237114      0.9301553393082107
     131                8712      8.2189660850981241      0.9306844655255730
     132                8911      8.2189660850981241      0.9306844655255730
     133                8978      8.2877643394645233      0.9312017456335915
     134                9180      8.2877643394645233      0.9312017456335915
     135                9248      8.3560567243135111      0.9317076151509907
     136                9453      8.3560567243135111      0.9317076151509907
     137                9522      8.4238542368085483      0.9322024875049699
     138                9730      8.4238542368085483      0.9322024875049699
     139                9800      8.4911674813571771      0.9326867554513625
     140               10011      8.4911674813571771      0.9326867554513625
     141               10082      8.5580066889723696      0.9331607923848033
     142               10296      8.5580066889723696      0.9331607923848033
     143               10368      8.6243817354235510      0.9336249535487977
     144               10585      8.6243817354235510      0.9336249535487977
     145               10658      8.6903021582689277      0.9340795771546275
     146               10878      8.6903021582689277      0.9340795771546275
     147               10952      8.7557771728518148      0.9345249854170972
     148               11175      8.7557771728518148      0.9345249854170972
     149               11250      8.8208156873374897      0.9349614855143165
     150               11476      8.8208156873374897      0.9349614855143165
     151               11552      8.8854263168594549      0.9353893704780378
     152               11781      8.8854263168594549      0.9353893704780378
     153               11858      8.9496173968390593      0.9358089200203872
     154               12090      8.9496173968390593      0.9358089200203872
     155               12168      9.0133969955367306      0.9362204013023074
     156               12403      9.0133969955367306      0.9362204013023074
     157               12482      9.0767729258882071      0.9366240696484955
     158               12720      9.0767729258882071      0.9366240696484955
     159               12800      9.1397527566750121      0.9370201692131923
     160               13041      9.1397527566750121      0.9370201692131923
     161               13122      9.2023438230742336      0.9374089336007636
     162               13366      9.2023438230742336      0.9374089336007636
     163               13448      9.2645532366295562      0.9377905864446625
     164               13695      9.2645532366295562      0.9377905864446625
     165               13778      9.3263878946815346      0.9381653419480078
     166               14028      9.3263878946815346      0.9381653419480078
     167               14112      9.3878544892927174      0.9385334053887930
     168               14365      9.3878544892927174      0.9385334053887930
     169               14450      9.4489595157003095      0.9388949735923879
     170               14706      9.4489595157003095      0.9388949735923879
     171               14792      9.5097092803264687      0.9392502353738268
     172               15051      9.5097092803264687      0.9392502353738268
     173               15138      9.5701099083743060      0.9395993719521383
     174               15400      9.5701099083743060      0.9395993719521383
     175               15488      9.6301673510355243      0.9399425573387723
     176               15753      9.6301673510355243      0.9399425573387723
     177               15842      9.6898873923334783      0.9402799587020374
     178               16110      9.6898873923334783      0.9402799587020374
     179               16200      9.7492756556242313      0.9406117367092488
     180               16471      9.7492756556242313      0.9406117367092488
     181               16562      9.8083376097760357      0.9409380458482088
     182               16836      9.8083376097760357      0.9409380458482088
     183               16928      9.8670785750465697      0.9412590347294689
     184               17205      9.8670785750465697      0.9412590347294689
     185               17298      9.9255037286758494      0.9415748463707070
     186               17578      9.9255037286758494      0.9415748463707070
     187               17672      9.9836181102113670      0.9418856184644795
     188               17955      9.9836181102113670      0.9418856184644795
     189               18050     10.0414266265809005      0.9421914836304559
     190               18336     10.0414266265809005      0.9421914836304559
     191               18432     10.0989340569276784      0.9424925696532134
     192               18721     10.0989340569276784      0.9424925696532134
     193               18818     10.1561450572211065      0.9427889997065464
     194               19110     10.1561450572211065      0.9427889997065464
     195               19208     10.2130641646559042      0.9430808925651857
     196               19503     10.2130641646559042      0.9430808925651857
     197               19602     10.2696958018511282      0.9433683628047558
     198               19900     10.2696958018511282      0.9433683628047558
     199               20000     10.3260442808603763      0.9436515209907332
     200               20301     10.3260442808603763      0.9436515209907332
     201               20402     10.3821138070032575      0.9439304738571161
     202               20706     10.3821138070032575      0.9439304738571161
     203               20808     10.4379084825277992      0.9442053244754618
     204               21115     10.4379084825277992      0.9442053244754618
     205               21218     10.4934323101128832      0.9444761724149009
     206               21528     10.4934323101128832      0.9444761724149009
     207               21632     10.5486891962191827      0.9447431138936755
     208               21945     10.5486891962191827      0.9447431138936755
     209               22050     10.6036829542964277      0.9450062419227521
     210               22366     10.6036829542964277      0.9450062419227521
     211               22472     10.6584173078544211      0.9452656464419835
     212               22791     10.6584173078544211      0.9452656464419835
     213               22898     10.7128958934051575      0.9455214144492641
     214               23220     10.7128958934051575      0.9455214144492641
     215               23328     10.7671222632820012      0.9457736301231094
     216               23653     10.7671222632820012      0.9457736301231094
     217               23762     10.8210998883429248      0.9460223749390584
     218               24090     10.8210998883429248      0.9460223749390584
     219               24200     10.8748321605626543      0.9462677277802432
     220               24531     10.8748321605626543      0.9462677277802432
     221               24642     10.9283223955201478      0.9465097650424950
     222               24976     10.9283223955201478      0.9465097650424950
     223               25088     10.9815738347858520      0.9467485607342712
     224               25425     10.9815738347858520      0.9467485607342712
     225               25538     11.0345896482141121      0.9469841865717299
     226               25878     11.0345896482141121      0.9469841865717299
     227               25992     11.0873729361448810      0.9472167120692203
     228               26335     11.0873729361448810      0.9472167120692203
     229               26450     11.1399267315194308      0.9474462046254399
     230               26796     11.1399267315194308      0.9474462046254399
     231               26912     11.1922540019138985      0.9476727296055023
     232               27261     11.1922540019138985      0.9476727296055023
     233               27378     11.2443576514946955      0.9478963504191527
     234               27730     11.2443576514946955      0.9478963504191527
     235               27848     11.2962405228993497      0.9481171285953416
     236               28203     11.2962405228993497      0.9481171285953416
     237               28322     11.3479053990459526      0.9483351238533424
     238               28680     11.3479053990459526      0.9483351238533424
     239               28800     11.3993550048752859      0.9485503941706193
     240               29161     11.3993550048752859      0.9485503941706193
     241               29282     11.4505920090276661      0.9487629958475994
     242               29646     11.4505920090276661      0.9487629958475994
     243               29768     11.5016190254580906      0.9489729835695353
     244               30135     11.5016190254580906      0.9489729835695353
     245               30258     11.5524386149925107      0.9491804104655952
     246               30628     11.5524386149925107      0.9491804104655952
     247               30752     11.6030532868271585      0.9493853281653319
     248               31125     11.6030532868271585      0.9493853281653319
     249               31250     11.6534654999744767      0.9495877868526719
     250               31626     11.6534654999744767      0.9495877868526719
     251               31752     11.7036776646569329      0.9497878353175422
     252               32131     11.7036776646569329      0.9497878353175422
     253               32258     11.7536921436516657      0.9499855210052690
     254               32640     11.7536921436516657      0.9499855210052690
     255               32768     11.8035112535878000      0.9501808900638427
     256               33153     11.8035112535878000      0.9501808900638427
     257               33282     11.8531372661985870      0.9503739873891766
     258               33670     11.8531372661985870      0.9503739873891766
     259               33800     11.9025724095301122      0.9505648566684490
     260               34191     11.9025724095301122      0.9505648566684490
     261               34322     11.9518188691084717      0.9507535404216232
     262               34716     11.9518188691084717      0.9507535404216232
     263               34848     12.0008787890672224      0.9509400800412384
     264               35245     12.0008787890672224      0.9509400800412384
     265               35378     12.0497542732366441      0.9511245158305557
     266               35778     12.0497542732366441      0.9511245158305557
     267               35912     12.0984473861964688      0.9513068870401431
     268               36315     12.0984473861964688      0.9513068870401431
     269               36450     12.1469601542935024      0.9514872319029584
     270               36856     12.1469601542935024      0.9514872319029584
     271               36992     12.1952945666254493      0.9516655876680198
     272               37401     12.1952945666254493      0.9516655876680198
     273               37538     12.2434525759927020      0.9518419906327373
     274               37950     12.2434525759927020      0.9518419906327373
     275               38088     12.2914360998187711      0.9520164761739234
     276               38503     12.2914360998187711      0.9520164761739234
     277               38642     12.3392470210411673      0.9521890787776139
     278               39060     12.3392470210411673      0.9521890787776139
     279               39200     12.3868871889734606      0.9523598320676943
     280               39621     12.3868871889734606      0.9523598320676943
     281               39762     12.4343584201400361      0.9525287688334110
     282               40186     12.4343584201400361      0.9525287688334110
     283               40328     12.4816624990842051      0.9526959210558277
     284               40755     12.4816624990842051      0.9526959210558277
     285               40898     12.5288011791509462      0.9528613199332547
     286               41328     12.5288011791509462      0.9528613199332547
     287               41472     12.5757761832452388      0.9530249959057073
     288               41905     12.5757761832452388      0.9530249959057073
     289               42050     12.6225892045667649      0.9531869786784459
     290               42486     12.6225892045667649      0.9531869786784459
     291               42632     12.6692419073221529      0.9533472972446155
     292               43071     12.6692419073221529      0.9533472972446155
     293               43218     12.7157359274150750      0.9535059799070493
     294               43660     12.7157359274150750      0.9535059799070493
     295               43808     12.7620728731158053      0.9536630542992550
     296               44253     12.7620728731158053      0.9536630542992550
     297               44402     12.8082543257101698      0.9538185474056335
     298               44850     12.8082543257101698      0.9538185474056335
     299               45000     12.8542818401292216      0.9539724855809502
     300               45451     12.8542818401292216      0.9539724855809502
     301               45602     12.9001569455600773      0.9541248945690930
     302               46056     12.9001569455600773      0.9541248945690930
     303               46208     12.9458811460388930      0.9542757995211699
     304               46665     12.9458811460388930      0.9542757995211699
     305               46818     12.9914559210259704      0.9544252250129306
     306               47278     12.9914559210259704      0.9544252250129306
     307               47432     13.0368827259643822      0.9545731950615883
     308               47895     13.0368827259643822      0.9545731950615883
     309               48050     13.0821629928223331      0.9547197331420330
     310               48516     13.0821629928223331      0.9547197331420330
     311               48672     13.1272981306198346      0.9548648622024756
     312               49141     13.1272981306198346      0.9548648622024756
     313               49298     13.1722895259402577      0.9550086046795374
     314               49770     13.1722895259402577      0.9550086046795374
     315               49928     13.2171385434273958      0.9551509825128297
     316               50403     13.2171385434273958      0.9551509825128297
     317               50562     13.2618465262683465      0.9552920171590142
     318               51040     13.2618465262683465      0.9552920171590142
     319               51200     13.3064147966629207      0.9554317296053927
     320               51681     13.3064147966629207      0.9554317296053927
     321               51842     13.3508446562798753      0.9555701403830157
     322               52326     13.3508446562798753      0.9555701403830157
     323               52488     13.3951373867004513      0.9557072695793629
     324               52975     13.3951373867004513      0.9557072695793629
     325               53138     13.4392942498498478      0.9558431368505915
     326               53628     13.4392942498498478      0.9558431368505915
     327               53792     13.4833164884164631      0.9559777614333627
     328               54285     13.4833164884164631      0.9559777614333627
     329               54450     13.5272053262601091      0.9561111621562912
     330               54946     13.5272053262601091      0.9561111621562912
     331               55112     13.5709619688090726      0.9562433574510008
     332               55611     13.5709619688090726      0.9562433574510008
     333               55778     13.6145876034461999      0.9563743653628236
     334               56280     13.6145876034461999      0.9563743653628236
     335               56448     13.6580833998850473      0.9565042035611475
     336               56953     13.6580833998850473      0.9565042035611475
     337               57122     13.7014505105355724      0.9566328893494285
     338               57630     13.7014505105355724      0.9566328893494285
     339               57800     13.7446900708606705      0.9567604396748706
     340               58311     13.7446900708606705      0.9567604396748706
     341               58482     13.7878031997228412      0.9568868711378089
     342               58996     13.7878031997228412      0.9568868711378089
     343               59168     13.8307909997219980      0.9570122000007801
     344               59685     13.8307909997219980      0.9570122000007801
     345               59858     13.8736545575246595      0.9571364421973090
     346               60378     13.8736545575246595      0.9571364421973090
     347               60552     13.9163949441841979      0.9572596133404199
     348               61075     13.9163949441841979      0.9572596133404199
     349               61250     13.9590132154533144      0.9573817287308752
     350               61776     13.9590132154533144      0.9573817287308752
     351               61952     14.0015104120881446      0.9575028033651616
     352               62481     14.0015104120881446      0.9575028033651616
     353               62658     14.0438875601448814      0.9576228519432259
     354               63190     14.0438875601448814      0.9576228519432259
     355               63368     14.0861456712688593      0.9577418888759677
     356               63903     14.0861456712688593      0.9577418888759677
     357               64082     14.1282857429762991      0.9578599282925151
     358               64620     14.1282857429762991      0.9578599282925151
     359               64800     14.1703087589290178      0.9579769840472558
     360               65341     14.1703087589290178      0.9579769840472558
     361               65522     14.2122156892023099      0.9580930697266834
     362               66066     14.2122156892023099      0.9580930697266834
     363               66248     14.2540074905462468      0.9582081986560052
     364               66795     14.2540074905462468      0.9582081986560052
     365               66978     14.2956851066406614      0.9583223839055786
     366               67528     14.2956851066406614      0.9583223839055786
     367               67712     14.3372494683434724      0.9584356382971408
     368               68265     14.3372494683434724      0.9584356382971408
     369               68450     14.3787014939335869      0.9585479744098520
     370               69006     14.3787014939335869      0.9585479744098520
     371               69192     14.4200420893473940      0.9586594045861703
     372               69751     14.4200420893473940      0.9586594045861703
     373               69938     14.4612721484098223      0.9587699409375434
     374               70500     14.4612721484098223      0.9587699409375434
     375               70688     14.5023925530598596      0.9588795953499412
     376               71253     14.5023925530598596      0.9588795953499412
     377               71442     14.5434041735706003      0.9589883794892269
     378               72010     14.5434041735706003      0.9589883794892269
     379               72200     14.5843078687641956      0.9590963048063594
     380               72771     14.5843078687641956      0.9590963048063594
     381               72962     14.6251044862216695      0.9592033825424668
     382               73536     14.6251044862216695      0.9592033825424668
     383               73728     14.6657948624878820      0.9593096237337631
     384               74305     14.6657948624878820      0.9593096237337631
     385               74498     14.7063798232715008      0.9594150392163159
     386               75078     14.7063798232715008      0.9594150392163159
     387               75272     14.7468601836407878      0.9595196396307064
     388               75855     14.7468601836407878      0.9595196396307064
     389               76050     14.7872367482142231      0.9596234354265267
     390               76636     14.7872367482142231      0.9596234354265267
     391               76832     14.8275103113474138      0.9597264368667666
     392               77421     14.8275103113474138      0.9597264368667666
     393               77618     14.8676816573153019      0.9598286540320786
     394               78210     14.8676816573153019      0.9598286540320786
     395               78408     14.9077515604903219      0.9599300968249262
     396               79003     14.9077515604903219      0.9599300968249262
     397               79202     14.9477207855166618      0.9600307749736079
     398               79800     14.9477207855166618      0.9600307749736079
     399               80000     14.9875900874804522      0.9601306980361723
     400               80601     14.9875900874804522      0.9601306980361723
     401               80802     15.0273602120761609      0.9602298754042395
     402               81406     15.0273602120761609      0.9602298754042395
     403               81608     15.0670318957694320      0.9603283163067033
     404               82215     15.0670318957694320      0.9603283163067033
     405               82418     15.1066058659560269      0.9604260298133378
     406               83028     15.1066058659560269      0.9604260298133378
     407               83232     15.1460828411176713      0.9605230248383043
     408               83845     15.1460828411176713      0.9605230248383043
     409               84050     15.1854635309740296      0.9606193101435763
     410               84666     15.1854635309740296      0.9606193101435763
     411               84872     15.2247486366317304      0.9607148943422570
     412               85491     15.2247486366317304      0.9607148943422570
     413               85698     15.2639388507298577      0.9608097859018176
     414               86320     15.2639388507298577      0.9608097859018176
     415               86528     15.3030348575825741      0.9609039931472443
     416               87153     15.3030348575825741      0.9609039931472443
     417               87362     15.3420373333184266      0.9609975242641182
     418               87990     15.3420373333184266      0.9609975242641182
     419               88200     15.3809469460167989      0.9610903873015861
     420               88831     15.3809469460167989      0.9610903873015861
     421               89042     15.4197643558414974      0.9611825901752789
     422               89676     15.4197643558414974      0.9611825901752789
     423               89888     15.4584902151712917      0.9612741406701479
     424               90525     15.4584902151712917      0.9612741406701479
     425               90738     15.4971251687280223      0.9613650464432222
     426               91378     15.4971251687280223      0.9613650464432222
     427               91592     15.5356698537016840      0.9614553150262972
     428               92235     15.5356698537016840      0.9614553150262972
     429               92450     15.5741248998730768      0.9615449538285594
     430               93096     15.5741248998730768      0.9615449538285594
     431               93312     15.6124909297338839      0.9616339701391416
     432               93961     15.6124909297338839      0.9616339701391416
     433               94178     15.6507685586042449      0.9617223711296028
     434               94830     15.6507685586042449      0.9617223711296028
     435               95048     15.6889583947478322      0.9618101638563681
     436               95703     15.6889583947478322      0.9618101638563681
     437               95922     15.7270610394847061      0.9618973552630885
     438               96580     15.7270610394847061      0.9618973552630885
     439               96800     15.7650770873016945      0.9619839521829441
     440               97461     15.7650770873016945      0.9619839521829441
     441               97682     15.8030071259607539      0.9620699613409023
     442               98346     15.8030071259607539      0.9620699613409023
     443               98568     15.8408517366048045      0.9621553893559005
     444               99235     15.8408517366048045      0.9621553893559005
     445               99458     15.8786114938617722      0.9622402427429944
     446              100128     15.8786114938617722      0.9622402427429944
     447              100352     15.9162869659463055      0.9623245279154438
     448              101025     15.9162869659463055      0.9623245279154438
     449              101250     15.9538787147595329      0.9624082511867418
     450              101926     15.9538787147595329      0.9624082511867418
     451              102152     15.9913872959868719      0.9624914187726121
     452              102831     15.9913872959868719      0.9624914187726121
     453              103058     16.0288132591939032      0.9625740367929381
     454              103740     16.0288132591939032      0.9625740367929381
     455              103968     16.0661571479201584      0.9626561112736540
     456              104653     16.0661571479201584      0.9626561112736540
     457              104882     16.1034194997715119      0.9627376481486034
     458              105570     16.1034194997715119      0.9627376481486034
     459              105800     16.1406008465100825      0.9628186532613234
     460              106491     16.1406008465100825      0.9628186532613234
     461              106722     16.1777017141431543      0.9628991323668166
     462              107416     16.1777017141431543      0.9628991323668166
     463              107648     16.2147226230098269      0.9629790911332670
     464              108345     16.2147226230098269      0.9629790911332670
     465              108578     16.2516640878660610      0.9630585351437100
     466              109278     16.2516640878660610      0.9630585351437100
     467              109512     16.2885266179683299      0.9631374698976771
     468              110215     16.2885266179683299      0.9631374698976771
     469              110450     16.3253107171554745      0.9632159008127892
     470              111156     16.3253107171554745      0.9632159008127892
     471              111392     16.3620168839290656      0.9632938332263203
     472              112101     16.3620168839290656      0.9632938332263203
     473              112338     16.3986456115323449      0.9633712723967276
     474              113050     16.3986456115323449      0.9633712723967276
     475              113288     16.4351973880271416      0.9634482235051376
     476              114003     16.4351973880271416      0.9634482235051376
     477              114242     16.4716726963702840      0.9635246916567988
     478              114960     16.4716726963702840      0.9635246916567988
     479              115200     16.5080720144877233      0.9636006818825118
     480              115921     16.5080720144877233      0.9636006818825118
     481              116162     16.5443958153477126      0.9636761991400185
     482              116886     16.5443958153477126      0.9636761991400185
     483              117128     16.5806445670323228      0.9637512483153492
     484              117855     16.5806445670323228      0.9637512483153492
     485              118098     16.6168187328081487      0.9638258342241650
     486              118828     16.6168187328081487      0.9638258342241650
     487              119072     16.6529187711950115      0.9638999616130510
     488              119805     16.6529187711950115      0.9638999616130510
     489              120050     16.6889451360342349      0.9639736351607788
     490              120786     16.6889451360342349      0.9639736351607788
     491              121032     16.7248982765546117      0.9640468594795553
     492              121771     16.7248982765546117      0.9640468594795553
     493              122018     16.7607786374382783      0.9641196391162359
     494              122760     16.7607786374382783      0.9641196391162359
     495              123008     16.7965866588847561      0.9641919785535016
     496              123753     16.7965866588847561      0.9641919785535016
     497              124002     16.8323227766736920      0.9642638822110248
     498              124750     16.8323227766736920      0.9642638822110248
     499              125000     16.8679874222270243      0.9643353544466016
     500              125751     16.8679874222270243      0.9643353544466016
     501              126002     16.9035810226696981      0.9644063995572651
     502              126756     16.9035810226696981      0.9644063995572651
     503              127008     16.9391040008893299      0.9644770217803662
     504              127765     16.9391040008893299      0.9644770217803662
     505              128018     16.9745567755946212      0.9645472252946321
     506              128778     16.9745567755946212      0.9645472252946321
     507              129032     17.0099397613733103      0.9646170142212183
     508              129795     17.0099397613733103      0.9646170142212183
     509              130050     17.0452533687485897      0.9646863926247069
     510              130816     17.0452533687485897      0.9646863926247069
     511              131072     17.0804980042344710      0.9647553645141136
     512              131841     17.0804980042344710      0.9647553645141136
     513              132098     17.1156740703906252      0.9648239338438513
     514              132870     17.1156740703906252      0.9648239338438513
     515              133128     17.1507819658759217      0.9648921045146952
     516              133903     17.1507819658759217      0.9648921045146952
     517              134162     17.1858220855011226      0.9649598803747068
     518              134940     17.1858220855011226      0.9649598803747068
     519              135200     17.2207948202809291      0.9650272652201382
     520              135981     17.2207948202809291      0.9650272652201382
     521              136242     17.2557005574844737      0.9650942627963444
     522              137026     17.2557005574844737      0.9650942627963444
     523              137288     17.2905396806857681      0.9651608767986402
     524              138075     17.2905396806857681      0.9651608767986402
     525              138338     17.3253125698125032      0.9652271108731654
     526              139128     17.3253125698125032      0.9652271108731654
     527              139392     17.3600196011946935      0.9652929686177225
     528              140185     17.3600196011946935      0.9652929686177225
     529              140450     17.3946611476120268      0.9653584535825939
     530              141246     17.3946611476120268      0.9653584535825939
     531              141512     17.4292375783405618      0.9654235692713482
     532              142311     17.4292375783405618      0.9654235692713482
     533              142578     17.4637492591988845      0.9654883191416268
     534              143380     17.4637492591988845      0.9654883191416268
     535              143648     17.4981965525928729      0.9655527066059149
     536              144453     17.4981965525928729      0.9655527066059149
     537              144722     17.5325798175604604      0.9656167350322973
     538              145530     17.5325798175604604      0.9656167350322973
     539              145800     17.5668994098151785      0.9656804077451990
     540              146611     17.5668994098151785      0.9656804077451990
     541              146882     17.6011556817890664      0.9657437280261103
     542              147696     17.6011556817890664      0.9657437280261103
     543              147968     17.6353489826747349      0.9658066991142971
     544              148785     17.6353489826747349      0.9658066991142971
     545              149058     17.6694796584671536      0.9658693242074934
     546              149878     17.6694796584671536      0.9658693242074934
     547              150152     17.7035480520044786      0.9659316064625918
     548              150975     17.7035480520044786      0.9659316064625918
     549              151250     17.7375545030081483      0.9659935489962963
     550              152076     17.7375545030081483      0.9659935489962963
     551              152352     17.7714993481222123      0.9660551548857963
     552              153181     17.7714993481222123      0.9660551548857963
     553              153458     17.8053829209527663      0.9661164271693963
     554              154290     17.8053829209527663      0.9661164271693963
     555              154568     17.8392055521055397      0.9661773688471496
     556              155403     17.8392055521055397      0.9661773688471496
     557              155682     17.8729675692240235      0.9662379828814727
     558              156520     17.8729675692240235      0.9662379828814727
     559              156800     17.9066692970262338      0.9662982721977535
     560              157641     17.9066692970262338      0.9662982721977535
     561              157922     17.9403110573411482      0.9663582396849451
     562              158766     17.9403110573411482      0.9663582396849451
     563              159048     17.9738931691449082      0.9664178881961405
     564              159895     17.9738931691449082      0.9664178881961405
     565              160178     18.0074159485957139      0.9664772205491494
     566              161028     18.0074159485957139      0.9664772205491494
     567              161312     18.0408797090685766      0.9665362395270551
     568              162165     18.0408797090685766      0.9665362395270551
     569              162450     18.0742847611897588      0.9665949478787608
     570              163306     18.0742847611897588      0.9665949478787608
     571              163592     18.1076314128701981      0.9666533483195325
     572              164451     18.1076314128701981      0.9666533483195325
     573              164738     18.1409199693384977      0.9667114435315181
     574              165600     18.1409199693384977      0.9667114435315181
     575              165888     18.1741507331740735      0.9667692361642737
     576              166753     18.1741507331740735      0.9667692361642737
     577              167042     18.2073240043387869      0.9668267288352679
     578              167910     18.2073240043387869      0.9668267288352679
     579              168200     18.2404400802083160      0.9668839241303790
     580              169071     18.2404400802083160      0.9668839241303790
     581              169362     18.2734992556038875      0.9669408246043802
     582              170236     18.2734992556038875      0.9669408246043802
     583              170528     18.3065018228224403      0.9669974327814292
     584              171405     18.3065018228224403      0.9669974327814292
     585              171698     18.3394480716668227      0.9670537511555226
     586              172578     18.3394480716668227      0.9670537511555226
     587              172872     18.3723382894757918      0.9671097821909724
     588              173755     18.3723382894757918      0.9671097821909724
     589              174050     18.4051727611529046      0.9671655283228509
     590              174936     18.4051727611529046      0.9671655283228509
     591              175232     18.4379517691954007      0.9672209919574386
     592              176121     18.4379517691954007      0.9672209919574386
     593              176418     18.4706755937226745      0.9672761754726602
     594              177310     18.4706755937226745      0.9672761754726602
     595              177608     18.5033445125041140      0.9673310812185127
     596              178503     18.5033445125041140      0.9673310812185127
     597              178802     18.5359588009864922      0.9673857115174784
     598              179700     18.5359588009864922      0.9673857115174784
     599              180000     18.5685187323213796      0.9674400686649489
     600              180901     18.5685187323213796      0.9674400686649489
     601              181202     18.6010245773916481      0.9674941549296248
     602              182106     18.6010245773916481      0.9674941549296248
     603              182408     18.6334766048376181      0.9675479725539133
     604              183315     18.6334766048376181      0.9675479725539133
     605              183618     18.6658750810831862      0.9676015237543174
     606              184528     18.6658750810831862      0.9676015237543174
     607              184832     18.6982202703612685      0.9676548107218252
     608              185745     18.6982202703612685      0.9676548107218252
     609              186050     18.7305124347389125      0.9677078356222832
     610              186966     18.7305124347389125      0.9677078356222832
     611              187272     18.7627518341420867      0.9677606005967563
     612              188191     18.7627518341420867      0.9677606005967563
     613              188498     18.7949387263801313      0.9678131077619097
     614              189420     18.7949387263801313      0.9678131077619097
     615              189728     18.8270733671696888      0.9678653592103474
     616              190653     18.8270733671696888      0.9678653592103474
     617              190962     18.8591560101586282      0.9679173570109796
     618              191890     18.8591560101586282      0.9679173570109796
     619              192200     18.8911869069492155      0.9679691032093471
     620              193131     18.8911869069492155      0.9679691032093471
     621              193442     18.9231663071211145      0.9680205998279823
     622              194376     18.9231663071211145      0.9680205998279823
     623              194688     18.9550944582543153      0.9680718488667159
     624              195625     18.9550944582543153      0.9680718488667159
     625              195938     18.9869716059512257      0.9681228523030290
     626              196878     18.9869716059512257      0.9681228523030290
     627              197192     19.0187979938588470      0.9681736120923576
     628              198135     19.0187979938588470      0.9681736120923576
     629              198450     19.0505738636903814      0.9682241301684005
     630              199396     19.0505738636903814      0.9682241301684005
     631              199712     19.0822994552467762      0.9682744084434489
     632              200661     19.0822994552467762      0.9682744084434489
     633              200978     19.1139750064380181      0.9683244488086800
     634              201930     19.1139750064380181      0.9683244488086800
     635              202248     19.1456007533035617      0.9683742531344524
     636              203203     19.1456007533035617      0.9683742531344524
     637              203522     19.1771769300328714      0.9684238232706042
     638              204480     19.1771769300328714      0.9684238232706042
     639              204800     19.2087037689860693      0.9684731610467456
     640              205761     19.2087037689860693      0.9684731610467456
     641              206082     19.2401815007134189      0.9685222682725283
     642              207046     19.2401815007134189      0.9685222682725283
     643              207368     19.2716103539753689      0.9685711467379445
     644              208335     19.2716103539753689      0.9685711467379445
     645              208658     19.3029905557617525      0.9686197982135838
     646              209628     19.3029905557617525      0.9686197982135838
     647              209952     19.3343223313106733      0.9686682244509075
     648              210925     19.3343223313106733      0.9686682244509075
     649              211250     19.3656059041280457      0.9687164271825230
     650              212226     19.3656059041280457      0.9687164271825230
     651              212552     19.3968414960055640      0.9687644081224278
     652              213531     19.3968414960055640      0.9687644081224278
     653              213858     19.4280293270391908      0.9688121689662770
     654              214840     19.4280293270391908      0.9688121689662770
     655              215168     19.4591696156474541      0.9688597113916331
     656              216153     19.4591696156474541      0.9688597113916331
     657              216482     19.4902625785891388      0.9689070370582102
     658              217470     19.4902625785891388      0.9689070370582102
     659              217800     19.5213084309809233      0.9689541476081214
     660              218791     19.5213084309809233      0.9689541476081214
     661              219122     19.5523073863147090      0.9690010446661150
     662              220116     19.5523073863147090      0.9690010446661150
     663              220448     19.5832596564748016      0.9690477298398086
     664              221445     19.5832596564748016      0.9690477298398086
     665              221778     19.6141654517548147      0.9690942047199285
     666              222778     19.6141654517548147      0.9690942047199285
     667              223112     19.6450249808741901      0.9691404708805287
     668              224115     19.6450249808741901      0.9691404708805287
     669              224450     19.6758384509949593      0.9691865298792155
     670              225456     19.6758384509949593      0.9691865298792155
     671              225792     19.7066060677375106      0.9692323832573706
     672              226801     19.7066060677375106      0.9692323832573706
     673              227138     19.7373280351970806      0.9692780325403703
     674              228150     19.7373280351970806      0.9692780325403703
     675              228488     19.7680045559592301      0.9693234792377947
     676              229503     19.7680045559592301      0.9693234792377947
     677              229842     19.7986358311155257      0.9693687248436387
     678              230860     19.7986358311155257      0.9693687248436387
     679              231200     19.8292220602789797      0.9694137708365143
     680              232221     19.8292220602789797      0.9694137708365143
     681              232562     19.8597634415990711      0.9694586186798626
     682              233586     19.8597634415990711      0.9694586186798626
     683              233928     19.8902601717768306      0.9695032698221422
     684              234955     19.8902601717768306      0.9695032698221422
     685              235298     19.9207124460796834      0.9695477256970353
     686              236328     19.9207124460796834      0.9695477256970353
     687              236672     19.9511204583560016      0.9695919877236370
     688              237705     19.9511204583560016      0.9695919877236370
     689              238050     19.9814844010492578      0.9696360573066465
     690              239086     19.9814844010492578      0.9696360573066465
     691              239432     20.0118044652125988      0.9696799358365507
     692              240471     20.0118044652125988      0.9696799358365507
     693              240818     20.0420808405227291      0.9697236246898102
     694              241860     20.0420808405227291      0.9697236246898102
     695              242208     20.0723137152934967      0.9697671252290478
     696              243253     20.0723137152934967      0.9697671252290478
     697              243602     20.1025032764901894      0.9698104388032189
     698              244650     20.1025032764901894      0.9698104388032189
     699              245000     20.1326497097423243      0.9698535667477857
     700              246051     20.1326497097423243      0.9698535667477857
     701              246402     20.1627531993573328      0.9698965103848958
     702              247456     20.1627531993573328      0.9698965103848958
     703              247808     20.1928139283336705      0.9699392710235546
     704              248865     20.1928139283336705      0.9699392710235546
     705              249218     20.2228320783737985      0.9699818499597803
     706              250278     20.2228320783737985      0.9699818499597803
     707              250632     20.2528078298969376      0.9700242484767838
     708              251695     20.2528078298969376      0.9700242484767838
     709              252050     20.2827413620517873      0.9700664678451261
     710              253116     20.2827413620517873      0.9700664678451261
     711              253472     20.3126328527288678      0.9701085093228721
     712              254541     20.3126328527288678      0.9701085093228721
     713              254898     20.3424824785730038      0.9701503741557529
     714              255970     20.3424824785730038      0.9701503741557529
     715              256328     20.3722904149956321      0.9701920635773227
     716              257403     20.3722904149956321      0.9701920635773227
     717              257762     20.4020568361864321      0.9702335788091085
     718              258840     20.4020568361864321      0.9702335788091085
     719              259200     20.4317819151255762      0.9702749210607602
     720              260281     20.4317819151255762      0.9702749210607602
     721              260642     20.4614658235952689      0.9703160915302049
     722              261726     20.4614658235952689      0.9703160915302049
     723              262088     20.4911087321913996      0.9703570914037818
     724              263175     20.4911087321913996      0.9703570914037818
     725              263538     20.5207108103348332      0.9703979218563930
     726              264628     20.5207108103348332      0.9703979218563930
     727              264992     20.5502722262830844      0.9704385840516467
     728              266085     20.5502722262830844      0.9704385840516467
     729              266450     20.5797931471410251      0.9704790791419877
     730              267546     20.5797931471410251      0.9704790791419877
     731              267912     20.6092737388721332      0.9705194082688451
     732              269011     20.6092737388721332      0.9705194082688451
     733              269378     20.6387141663093061      0.9705595725627585
     734              270480     20.6387141663093061      0.9705595725627585
     735              270848     20.6681145931657255      0.9705995731435153
     736              271953     20.6681145931657255      0.9705995731435153
     737              272322     20.6974751820454230      0.9706394111202852
     738              273430     20.6974751820454230      0.9706394111202852
     739              273800     20.7267960944536256      0.9706790875917439
     740              274911     20.7267960944536256      0.9706790875917439
     741              275282     20.7560774908073284      0.9707186036462010
     742              276396     20.7560774908073284      0.9707186036462010
     743              276768     20.7853195304455056      0.9707579603617300
     744              277885     20.7853195304455056      0.9707579603617300
     745              278258     20.8145223716390078      0.9707971588062829
     746              279378     20.8145223716390078      0.9707971588062829
     747              279752     20.8436861716011492      0.9708362000378257
     748              280875     20.8436861716011492      0.9708362000378257
     749              281250     20.8728110864966112      0.9708750851044428
     750              282376     20.8728110864966112      0.9708750851044428
     751              282752     20.9018972714520999      0.9709138150444627
     752              283881     20.9018972714520999      0.9709138150444627
     753              284258     20.9309448805655052      0.9709523908865771
     754              285390     20.9309448805655052      0.9709523908865771
     755              285768     20.9599540669154436      0.9709908136499543
     756              286903     20.9599540669154436      0.9709908136499543
     757              287282     20.9889249825710209      0.9710290843443490
     758              288420     20.9889249825710209      0.9710290843443490
     759              288800     21.0178577786006997      0.9710672039702133
     760              289941     21.0178577786006997      0.9710672039702133
     761              290322     21.0467526050818279      0.9711051735188090
     762              291466     21.0467526050818279      0.9711051735188090
     763              291848     21.0756096111094635      0.9711429939723166
     764              292995     21.0756096111094635      0.9711429939723166
     765              293378     21.1044289448053917      0.9711806663039426
     766              294528     21.1044289448053917      0.9711806663039426
     767              294912     21.1332107533272051      0.9712181914780282
     768              296065     21.1332107533272051      0.9712181914780282
     769              296450     21.1619551828770298      0.9712555704501338
     770              297606     21.1619551828770298      0.9712555704501338
     771              297992     21.1906623787097104      0.9712928041671671
     772              299151     21.1906623787097104      0.9712928041671671
     773              299538     21.2193324851421465      0.9713298935674664
     774              300700     21.2193324851421465      0.9713298935674664
     775              301088     21.2479656455611021      0.9713668395809085
     776              302253     21.2479656455611021      0.9713668395809085
     777              302642     21.2765620024319588      0.9714036431290032
     778              303810     21.2765620024319588      0.9714036431290032
     779              304200     21.3051216973068378      0.9714403051249934
     780              305371     21.3051216973068378      0.9714403051249934
     781              305762     21.3336448708327993      0.9714768264739382
     782              306936     21.3336448708327993      0.9714768264739382
     783              307328     21.3621316627598219      0.9715132080728219
     784              308505     21.3621316627598219      0.9715132080728219
     785              308898     21.3905822119489883      0.9715494508106433
     786              310078     21.3905822119489883      0.9715494508106433
     787              310472     21.4189966563803651      0.9715855555684982
     788              311655     21.4189966563803651      0.9715855555684982
     789              312050     21.4473751331605627      0.9716215232196774
     790              313236     21.4473751331605627      0.9716215232196774
     791              313632     21.4757177785307221      0.9716573546297536
     792              314821     21.4757177785307221      0.9716573546297536
     793              315218     21.5040247278740182      0.9716930506566670
     794              316410     21.5040247278740182      0.9716930506566670
     795              316808     21.5322961157231134      0.9717286121508177
     796              318003     21.5322961157231134      0.9717286121508177
     797              318402     21.5605320757678669      0.9717640399551388
     798              319600     21.5605320757678669      0.9717640399551388
     799              320000     21.5887327408625254      0.9717993349051945
     800              321201     21.5887327408625254      0.9717993349051945
     801              321602     21.6168982430332122      0.9718344978292519
     802              322806     21.6168982430332122      0.9718344978292519
     803              323208     21.6450287134848125      0.9718695295483699
     804              324415     21.6450287134848125      0.9718695295483699
     805              324818     21.6731242826082493      0.9719044308764735
     806              326028     21.6731242826082493      0.9719044308764735
     807              326432     21.7011850799877024      0.9719392026204365
     808              327645     21.7011850799877024      0.9719392026204365
     809              328050     21.7292112344074013      0.9719738455801661
     810              329266     21.7292112344074013      0.9719738455801661
     811              329672     21.7572028738586738      0.9720083605486631
     812              330891     21.7572028738586738      0.9720083605486631
     813              331298     21.7851601255465255      0.9720427483121157
     814              332520     21.7851601255465255      0.9720427483121157
     815              332928     21.8130831158964327      0.9720770096499682
     816              334153     21.8130831158964327      0.9720770096499682
     817              334562     21.8409719705613625      0.9721111453349935
     818              335790     21.8409719705613625      0.9721111453349935
     819              336200     21.8688268144279121      0.9721451561333654
     820              337431     21.8688268144279121      0.9721451561333654
     821              337842     21.8966477716230798      0.9721790428047383
     822              339076     21.8966477716230798      0.9721790428047383
     823              339488     21.9244349655207031      0.9722128061023063
     824              340725     21.9244349655207031      0.9722128061023063
     825              341138     21.9521885187478176      0.9722464467728844
     826              342378     21.9521885187478176      0.9722464467728844
     827              342792     21.9799085531908034      0.9722799655569743
     828              344035     21.9799085531908034      0.9722799655569743
     829              344450     22.0075951900018865      0.9723133631888334
     830              345696     22.0075951900018865      0.9723133631888334
     831              346112     22.0352485496052282      0.9723466403965397
     832              347361     22.0352485496052282      0.9723466403965397
     833              347778     22.0628687517030002      0.9723797979020570
     834              349030     22.0628687517030002      0.9723797979020570
     835              349448     22.0904559152815239      0.9724128364213123
     836              350703     22.0904559152815239      0.9724128364213123
     837              351122     22.1180101586171887      0.9724457566642468
     838              352380     22.1180101586171887      0.9724457566642468
     839              352800     22.1455315992821653      0.9724785593348841
     840              354061     22.1455315992821653      0.9724785593348841
     841              354482     22.1730203541506725      0.9725112451313997
     842              355746     22.1730203541506725      0.9725112451313997
     843              356168     22.2004765394043844      0.9725438147461745
     844              357435     22.2004765394043844      0.9725438147461745
     845              357858     22.2279002705384130      0.9725762688658601
     846              359128     22.2279002705384130      0.9725762688658601
     847              359552     22.2552916623669148      0.9726086081714420
     848              360825     22.2552916623669148      0.9726086081714420
     849              361250     22.2826508290284906      0.9726408333382972
     850              362526     22.2826508290284906      0.9726408333382972
     851              362952     22.3099778839921470      0.9726729450362572
     852              364231     22.3099778839921470      0.9726729450362572
     853              364658     22.3372729400624763      0.9727049439296567
     854              365940     22.3372729400624763      0.9727049439296567
     855              366368     22.3645361093849857      0.9727368306774007
     856              367653     22.3645361093849857      0.9727368306774007
     857              368082     22.3917675034518311      0.9727686059330176
     858              369370     22.3917675034518311      0.9727686059330176
     859              369800     22.4189672331070398      0.9728002703447243
     860              371091     22.4189672331070398      0.9728002703447243
     861              371522     22.4461354085515481      0.9728318245554617
     862              372816     22.4461354085515481      0.9728318245554617
     863              373248     22.4732721393484880      0.9728632692029657
     864              374545     22.4732721393484880      0.9728632692029657
     865              374978     22.5003775344285941      0.9728946049198208
     866              376278     22.5003775344285941      0.9728946049198208
     867              376712     22.5274517020950000      0.9729258323335093
     868              378015     22.5274517020950000      0.9729258323335093
     869              378450     22.5544947500283826      0.9729569520664574
     870              379756     22.5544947500283826      0.9729569520664574
     871              380192     22.5815067852921274      0.9729879647361062
     872              381501     22.5815067852921274      0.9729879647361062
     873              381938     22.6084879143370614      0.9730188709549408
     874              383250     22.6084879143370614      0.9730188709549408
     875              383688     22.6354382430063197      0.9730496713305623
     876              385003     22.6354382430063197      0.9730496713305623
     877              385442     22.6623578765405327      0.9730803664657210
     878              386760     22.6623578765405327      0.9730803664657210
     879              387200     22.6892469195821320      0.9731109569583729
     880              388521     22.6892469195821320      0.9731109569583729
     881              388962     22.7161054761802532      0.9731414434017303
     882              390286     22.7161054761802532      0.9731414434017303
     883              390728     22.7429336497957522      0.9731718263843063
     884              392055     22.7429336497957522      0.9731718263843063
     885              392498     22.7697315433057383      0.9732021064899683
     886              393828     22.7697315433057383      0.9732021064899683
     887              394272     22.7964992590075255      0.9732322842979739
     888              395605     22.7964992590075255      0.9732322842979739
     889              396050     22.8232368986243301      0.9732623603830330
     890              397386     22.8232368986243301      0.9732623603830330
     891              397832     22.8499445633088456      0.9732923353153382
     892              399171     22.8499445633088456      0.9732923353153382
     893              399618     22.8766223536481164      0.9733222096606213
     894              400960     22.8766223536481164      0.9733222096606213
     895              401408     22.9032703696678439      0.9733519839801945
     896              402753     22.9032703696678439      0.9733519839801945
     897              403202     22.9298887108367140      0.9733816588309965
     898              404550     22.9298887108367140      0.9733816588309965
     899              405000     22.9564774760709653      0.9734112347656285
     900              406351     22.9564774760709653      0.9734112347656285
     901              406802     22.9830367637384541      0.9734407123324067
     902              408156     22.9830367637384541      0.9734407123324067
     903              408608     23.0095666716630092      0.9734700920754038
     904              409965     23.0095666716630092      0.9734700920754038
     905              410418     23.0360672971283549      0.9734993745344800
     906              411778     23.0360672971283549      0.9734993745344800
     907              412232     23.0625387368828854      0.9735285602453430
     908              413595     23.0625387368828854      0.9735285602453430
     909              414050     23.0889810871431393      0.9735576497395795
     910              415416     23.0889810871431393      0.9735576497395795
     911              415872     23.1153944435982979      0.9735866435446872
     912              417241     23.1153944435982979      0.9735866435446872
     913              417698     23.1417789014140851      0.9736155421841368
     914              419070     23.1417789014140851      0.9736155421841368
     915              419528     23.1681345552366125      0.9736443461773843
     916              420903     23.1681345552366125      0.9736443461773843
     917              421362     23.1944614991966276      0.9736730560399343
     918              422740     23.1944614991966276      0.9736730560399343
     919              423200     23.2207598269131310      0.9737016722833689
     920              424581     23.2207598269131310      0.9737016722833689
     921              425042     23.2470296314975826      0.9737301954153834
     922              426426     23.2470296314975826      0.9737301954153834
     923              426888     23.2732710055576177      0.9737586259398232
     924              428275     23.2732710055576177      0.9737586259398232
     925              428738     23.2994840412007562      0.9737869643567323
     926              430128     23.2994840412007562      0.9737869643567323
     927              430592     23.3256688300382606      0.9738152111623808
     928              431985     23.3256688300382606      0.9738152111623808
     929              432450     23.3518254631888098      0.9738433668493056
     930              433846     23.3518254631888098      0.9738433668493056
     931              434312     23.3779540312823002      0.9738714319063333
     932              435711     23.3779540312823002      0.9738714319063333
     933              436178     23.4040546244635905      0.9738994068186386
     934              437580     23.4040546244635905      0.9738994068186386
     935              438048     23.4301273323957062      0.9739272920677629
     936              439453     23.4301273323957062      0.9739272920677629
     937              439922     23.4561722442639251      0.9739550881316537
     938              441330     23.4561722442639251      0.9739550881316537
     939              441800     23.4821894487790459      0.9739827954847053
     940              443211     23.4821894487790459      0.9739827954847053
     941              443682     23.5081790341810830      0.9740104145977793
     942              445096     23.5081790341810830      0.9740104145977793
     943              445568     23.5341410882426629      0.9740379459382467
     944              446985     23.5341410882426629      0.9740379459382467
     945              447458     23.5600756982725699      0.9740653899700240
     946              448878     23.5600756982725699      0.9740653899700240
     947              449352     23.5859829511188153      0.9740927471535994
     948              450775     23.5859829511188153      0.9740927471535994
     949              451250     23.6118629331726595      0.9741200179460714
     950              452676     23.6118629331726595      0.9741200179460714
     951              453152     23.6377157303713759      0.9741472028011731
     952              454581     23.6377157303713759      0.9741472028011731
     953              455058     23.6635414282019312      0.9741743021693048
     954              456490     23.6635414282019312      0.9741743021693048
     955              456968     23.6893401117042330      0.9742013164975782
     956              458403     23.6893401117042330      0.9742013164975782
     957              458882     23.7151118654742064      0.9742282462298357
     958              460320     23.7151118654742064      0.9742282462298357
     959              460800     23.7408567736673746      0.9742550918066784
     960              462241     23.7408567736673746      0.9742550918066784
     961              462722     23.7665749200017515      0.9742818536655080
     962              464166     23.7665749200017515      0.9742818536655080
     963              464648     23.7922663877611598      0.9743085322405443
     964              466095     23.7922663877611598      0.9743085322405443
     965              466578     23.8179312597981507      0.9743351279628634
     966              468028     23.8179312597981507      0.9743351279628634
     967              468512     23.8435696185376216      0.9743616412604184
     968              469965     23.8435696185376216      0.9743616412604184
     969              470450     23.8691815459793730      0.9743880725580853
     970              471906     23.8691815459793730      0.9743880725580853
     971              472392     23.8947671237014632      0.9744144222776738
     972              473851     23.8947671237014632      0.9744144222776738
     973              474338     23.9203264328633551      0.9744406908379646
     974              475800     23.9203264328633551      0.9744406908379646
     975              476288     23.9458595542085888      0.9744668786547290
     976              477753     23.9458595542085888      0.9744668786547290
     977              478242     23.9713665680676868      0.9744929861407670
     978              479710     23.9713665680676868      0.9744929861407670
     979              480200     23.9968475543616293      0.9745190137059279
     980              481671     23.9968475543616293      0.9745190137059279
     981              482162     24.0223025926043690      0.9745449617571429
     982              483636     24.0223025926043690      0.9745449617571429
     983              484128     24.0477317619058368      0.9745708306984435
     984              485605     24.0477317619058368      0.9745708306984435
     985              486098     24.0731351409747063      0.9745966209310011
     986              487578     24.0731351409747063      0.9745966209310011
     987              488072     24.0985128081214839      0.9746223328531347
     988              489555     24.0985128081214839      0.9746223328531347
     989              490050     24.1238648412610246      0.9746479668603527
     990              491536     24.1238648412610246      0.9746479668603527
     991              492032     24.1491913179155802      0.9746735233453709
     992              493521     24.1491913179155802      0.9746735233453709
     993              494018     24.1744923152173214      0.9746990026981419
     994              495510     24.1744923152173214      0.9746990026981419
     995              496008     24.1997679099112730      0.9747244053058750
     996              497503     24.1997679099112730      0.9747244053058750
     997              498002     24.2250181783580700      0.9747497315530644
     998              499500     24.2250181783580700      0.9747497315530644
     999              500000     24.2502431965364451      0.9747749818215088
    1000              501501     24.2502431965364451      0.9747749818215088
