****************************************************************
*       Calculation started on: Fri May 31 10:36:45 2024       *
****************************************************************
Timestep     Number of nodes      Mean crossing time     Crossed probability
       1                   1      0.7500000000000000      0.7500000000000000
       2                   4      0.7500000000000000      0.7500000000000000
       3                   4      1.0598191718703538      0.8593750000000000
       4                   7      1.1181324655959919      0.8750000000000000
       5                   7      1.3163459050473747      0.9160156250000000
       6                  12      1.3667252577680460      0.9248046875000000
       7                  12      1.5081138627727995      0.9454956054687500
       8                  17      1.5474421535858027      0.9505920410156250
       9                  17      1.6524312103025254      0.9624862670898438
      10                  22      1.6834463939131867      0.9656848907470703
      11                  22      1.7631093838336851      0.9730491638183594
      12                  29      1.7881172547690969      0.9751905202865601
      13                  29      1.8495965713882840      0.9799906015396118
      14                  36      1.8701295944583942      0.9814931526780128
      15                  36      1.9183390188721032      0.9847506666556001
      16                  43      1.9354237183363787      0.9858418749645352
      17                  43      1.9738176731407406      0.9881282921414822
      18                  50      1.9881767515088880      0.9889417936501559
      19                  50      2.0192066590812967      0.9905935437564040
      20                  59      2.0313730440645621      0.9912127903971850
      21                  59      2.0567928963499087      0.9924360230966158
      22                  68      2.0671729237773784      0.9929155989466381
      23                  68      2.0882506346511116      0.9938410196545249
      24                  77      2.0971610891072574      0.9942179145805383
      25                  77      2.1148249485370920      0.9949309632365608
      26                  86      2.1225165296253010      0.9952309530077761
      27                  86      2.1374562419130569      0.9957890590936127
      28                  95      2.1441295240554172      0.9960305188204326
      29                  95      2.1568657147972137      0.9964732840585325
      30                 106      2.1626825866109924      0.9966695677721308
      31                 106      2.1736146506440659      0.9970249455264604
      32                 117      2.1787067963793176      0.9971859222380506
      33                 117      2.1881459812500346      0.9974740653679869
      34                 128      2.1926212976891923      0.9976071379277146
      35                 128      2.2008137579080675      0.9978428538087013
      36                 139      2.2047612682719611      0.9979536500202312
      37                 139      2.2119043040952651      0.9981480036696293
      38                 150      2.2153979508950172      0.9982408541293526
      39                 150      2.2216515972966464      0.9984022384827447
      40                 161      2.2247531881142342      0.9984805125585630
      41                 161      2.2302486090285787      0.9986153781805888
      42                 174      2.2330101177834520      0.9986817238551903
      43                 174      2.2378557838193922      0.9987950863861400
      44                 187      2.2403211594890333      0.9988516038741025
      45                 187      2.2446074691056306      0.9989474034646550
      46                 200      2.2468140666195526      0.9989957725258907
      47                 200      2.2506168588851998      0.9990771327822204
      48                 213      2.2525965789949010      0.9991187072147102
      49                 213      2.2559798448794584      0.9991881246533559
      50                 226      2.2577600487606966      0.9992240032218719
      51                 226      2.2607780535322521      0.9992834878339329
      52                 239      2.2623823020054963      0.9993145680746967
      53                 239      2.2650812678521079      0.9993657489354909
      54                 252      2.2665299231583624      0.9993927683733509
      55                 252      2.2689493781618513      0.9994369738888337
      56                 267      2.2702600972494471      0.9994605419008390
      57                 267      2.2724339674190395      0.9994988614000054
      58                 282      2.2736221089493958      0.9995194840569644
      59                 282      2.2755796096550056      0.9995528154956153
      60                 297      2.2766585718623413      0.9995709150810383
      61                 297      2.2784249407163575      0.9996000022898920
      62                 312      2.2794064434333192      0.9996159327478985
      63                 312      2.2810035464948921      0.9996413947306836
      64                 327      2.2818978677641555      0.9996554539738262
      65                 327      2.2833447035821930      0.9996778081060785
      66                 342      2.2841608790753902      0.9996902478820876
      67                 342      2.2854739996802786      0.9997099283925703
      68                 357      2.2862199914631756      0.9997209622395544
      69                 357      2.2874138553817009      0.9997383350163344
      70                 372      2.2880966952679436      0.9997481447109607
      71                 372      2.2891839645774241      0.9997635192249237
      72                 389      2.2898098763060344      0.9997722600350341
      73                 389      2.2908016673919467      0.9997858989888420
      74                 406      2.2913761710747482      0.9997937039720675
      75                 406      2.2922822669249152      0.9998058311442862
      76                 423      2.2928102685868526      0.9998128146812900
      77                 423      2.2936392990121495      0.9998236213309648
      78                 440      2.2941251675510750      0.9998298820415523
      79                 440      2.2948847625742022      0.9998395321590564
      80                 457      2.2953323960679985      0.9998451553183362
      81                 457      2.2960293167998373      0.9998537899473534
      82                 474      2.2964421997662448      0.9998588494950982
      83                 474      2.2970824503437077      0.9998665903035729
      84                 491      2.2974637032953531      0.9998711505211878
      85                 491      2.2980526268477663      0.9998781027625585
      86                 508      2.2984050492694110      0.9998822196773911
      87                 508      2.2989474103840379      0.9998884746549029
      88                 525      2.2992735180813115      0.9998921972200742
      89                 525      2.2997735738308136      0.9998978343445774
      90                 544      2.3000756314523199      0.9999012054333137
      91                 544      2.3005371927104727      0.9999062939473236
      92                 563      2.3008172421225517      0.9999093511935133
      93                 563      2.3012437266162484      0.9999139516203002
      94                 582      2.3015036117071075      0.9999167281311288
      95                 582      2.3018980900218162      0.9999208934965105
      96                 601      2.3021394784257279      0.9999234184583692
      97                 601      2.3025047139894630      0.9999271953239889
      98                 620      2.3027291161494299      0.9999294945190492
      99                 620      2.3030676000603281      0.9999329238588042
     100                 639      2.3032763859865790      0.9999350201066168
     101                 639      2.3035903674154588      0.9999381380521700
     102                 658      2.3037847814455770      0.9999400515881406
     103                 658      2.3040762942330826      0.9999428900648450
     104                 677      2.3042574680558641      0.9999446388654336
     105                 677      2.3045283540300363      0.9999472261362363
     106                 696      2.3046973181981358      0.9999488261990579
     107                 696      2.3049492476595361      0.9999511873309120
     108                 715      2.3051069417844170      0.9999526529165707
     109                 715      2.3053414315398686      0.9999548101814202
     110                 736      2.3054887133357558      0.9999561540227788
     111                 736      2.3057071426058302      0.9999581272431338
     112                 757      2.3058447959264594      0.9999593607268132
     113                 757      2.3060484204049758      0.9999611675742810
     114                 778      2.3061771623974585      0.9999623008984182
     115                 778      2.3063671267014016      0.9999639571521918
     116                 799      2.3064876141847148      0.9999649994638443
     117                 799      2.3066649628993021      0.9999665192350095
     118                 820      2.3067777980606987      0.9999674787500797
     119                 820      2.3069434855558124      0.9999688746766900
     120                 841      2.3070492210461393      0.9999697587847983
     121                 841      2.3072041202160620      0.9999710422018753
     122                 862      2.3073032637144180      0.9999718575582486
     123                 862      2.3074481737721335      0.9999730386462244
     124                 883      2.3075411920812527      0.9999737912523528
     125                 883      2.3076768455209704      0.9999748791669471
     126                 904      2.3077641682469308      0.9999755744415152
     127                 904      2.3078912370734108      0.9999765774275789
     128                 925      2.3079732599365053      0.9999772202689438
     129                 925      2.3080923612469459      0.9999781457604269
     130                 946      2.3081694490647604      0.9999787406017497
     131                 946      2.3082811500578830      0.9999795953096505
     132                 969      2.3083536394365454      0.9999801461676229
     133                 969      2.3084584619140225      0.9999809361574714
     134                 992      2.3085266636793129      0.9999814466754449
     135                 992      2.3086250880965618      0.9999821774357037
     136                1015      2.3086892894926883      0.9999826509219297
     137                1015      2.3087817586089252      0.9999833274244569
     138                1038      2.3088422252895850      0.9999837668860379
     139                1038      2.3089291474609595      0.9999843936396179
     140                1061      2.3089861252943176      0.9999848018126875
     141                1061      2.3090678774487081      0.9999853829104951
     142                1084      2.3091215941555454      0.9999857622870999
     143                1084      2.3091985244829245      0.9999863014488516
     144                1107      2.3092491911249486      0.9999866543009094
     145                1107      2.3093216215133197      0.9999871549103366
     146                1130      2.3093694338467241      0.9999874833110262
     147                1130      2.3094376620900889      0.9999879484492438
     148                1153      2.3094828017978206      0.9999882542921263
     149                1153      2.3095471035996837      0.9999886867673891
     150                1176      2.3095897394143332      0.9999889717835166
     151                1176      2.3096503702074984      0.9999893741577708
     152                1199      2.3096906589355286      0.9999896399310195
     153                1199      2.3097478555367128      0.9999900145436444
     154                1222      2.3097859429934711      0.9999902625244648
     155                1222      2.3098399251091815      0.9999906115135122
     156                1247      2.3098759469732677      0.9999908430312801
     157                1247      2.3099269185715525      0.9999911683525063
     158                1272      2.3099610011661329      0.9999913846266252
     159                1272      2.3100091517273378      0.9999916880705602
     160                1297      2.3100414127352598      0.9999918902204554
     161                1297      2.3100869183934396      0.9999921734277288
     162                1322      2.3101174675122573      0.9999923624818512
     163                1322      2.3101604920976855      0.9999926269569716
     164                1347      2.3101894316401217      0.9999928038609104
     165                1347      2.3102301276322899      0.9999930509846618
     166                1372      2.3102575530771134      0.9999932166084816
     167                1372      2.3102960624765894      0.9999934476490885
     168                1397      2.3103220629743495      0.9999936027939474
     169                1397      2.3103585181010411      0.9999938189171458
     170                1422      2.3103831769387044      0.9999939643212845
     171                1422      2.3104177011633302      0.9999941665994119
     172                1447      2.3104410961914725      0.9999943029435785
     173                1447      2.3104738046062856      0.9999944923637780
     174                1472      2.3104960086321009      0.9999946202761405
     175                1472      2.3105270086664089      0.9999947977477912
     176                1497      2.3105480898155473      0.9999949178083942
     177                1497      2.3105774818009825      0.9999950841698272
     178                1522      2.3105975038508717      0.9999951969146333
     179                1522      2.3106253815408233      0.9999953529392189
     180                1547      2.3106444042279608      0.9999954588637883
     181                1547      2.3106708552753119      0.9999956052654577
     182                1574      2.3106889345787032      0.9999957048282841
     183                1574      2.3107140409754181      0.9999958422665369
     184                1601      2.3107312293782001      0.9999959358920902
     185                1601      2.3107550678601578      0.9999960649765421
     186                1628      2.3107714145912368      0.9999961530580358
     187                1628      2.3107940570112806      0.9999962743525568
     188                1655      2.3108096082686149      0.9999963572544710
     189                1655      2.3108311219404918      0.9999964712809480
     190                1682      2.3108459210975845      0.9999965493413315
     191                1682      2.3108663691133260      0.9999966565830903
     192                1709      2.3108804569102479      0.9999967301156621
     193                1709      2.3108998984331581      0.9999968310205896
     194                1736      2.3109133131534216      0.9999969003166551
     195                1736      2.3109318036887503      0.9999969953000485
     196                1763      2.3109445813231089      0.9999970606302566
     197                1763      2.3109621729682313      0.9999971500774175
     198                1790      2.3109743473665207      0.9999972116933632
     199                1790      2.3109910890423735      0.9999972959619737
     200                1817      2.3110026920542892      0.9999973540976667
     201                1817      2.3110186297195101      0.9999974335199533
     202                1844      2.3110296913252366      0.9999974883931677
     203                1844      2.3110448681744677      0.9999975632778847
     204                1871      2.3110554166059551      0.9999976150913884
     205                1871      2.3110698732535835      0.9999976857256369
     206                1898      2.3110799351071685      0.9999977346683243
     207                1898      2.3110937097576398      0.9999978013192095
     208                1925      2.3111033100987024      0.9999978475671418
     209                1925      2.3111164387045235      0.9999979104832998
     210                1954      2.3111256011648207      0.9999979542006582
     211                1954      2.3111381175731625      0.9999980136136511
     212                1983      2.3111468644413442      0.9999980549536126
     213                1983      2.3111588005301882      0.9999981110792108
     214                2012      2.3111671528360529      0.9999981501847576
     215                2012      2.3111785386406787      0.9999982032241205
     216                2041      2.3111865162336311      0.9999982402287776
     217                2041      2.3111973800641730      0.9999982903695313
     218                2070      2.3112050016863188      0.9999983253980556
     219                2070      2.3112153702371141      0.9999983728152901
     220                2099      2.3112226535913787      0.9999984059842963
     221                2099      2.3112325520427044      0.9999984508414816
     222                2128      2.3112395138563677      0.9999984822600247
     223                2128      2.3112489659691393      0.9999985247098503
     224                2157      2.3112556220531131      0.9999985544799593
     225                2157      2.3112646502571113      0.9999985946651130
     226                2186      2.3112710155612439      0.9999986228822880
     227                2186      2.3112796410373138      0.9999986609361735
     228                2215      2.3112857297020666      0.9999986876898399
     229                2215      2.3112939724587562      0.9999987237372340
     230                2244      2.3112997978634606      0.9999987491111638
     231                2244      2.3113076768084984      0.9999987832688256
     232                2273      2.3113132516164692      0.9999988073415312
     233                2273      2.3113207846234745      0.9999988397187656
     234                2302      2.3113261208241922      0.9999988625638561
     235                2302      2.3113333247949548      0.9999988932630288
     236                2331      2.3113384337435177      0.9999989149495458
     237                2331      2.3113453246661675      0.9999989440665711
     238                2360      2.3113502171202289      0.9999989646592995
     239                2360      2.3113568101235868      0.9999989922840803
     240                2391      2.3113614962779208      0.9999990118438328
