****************************************************************
*       Calculation started on: Fri May 31 10:40:21 2024       *
****************************************************************
Timestep     Number of nodes      Mean crossing time     Crossed probability
       1                   4      0.0000000000000000      0.0000000000000000
       2                   9      0.0000000000000000      0.0000000000000000
       3                  16      0.0000000000000000      0.0000000000000000
       4                  25      0.0000000000000000      0.0000000000000000
       5                  36      0.0000000000000000      0.0000000000000000
       6                  49      0.0000000000000000      0.0000000000000000
       7                  56      0.0906168619791667      0.0136718750000000
       8                  71      0.0938924153645834      0.0140991210937500
       9                  80      0.2897811163039435      0.0367584228515625
      10                  97      0.3002394267490932      0.0378417968750000
      11                 104      0.5890225380186050      0.0649423599243164
      12                 123      0.6092612536094574      0.0666811466217041
      13                 132      0.9734878351678063      0.0954430699348450
      14                 153      1.0047674350306526      0.0977385193109512
      15                 164      1.4285414731616903      0.1266279555857182
      16                 187      1.4711864888606812      0.1293588541448116
      17                 200      1.9415521417985335      0.1575705285649747
      18                 225      1.9953199384197724      0.1606243831920438
      19                 240      2.5020943967718274      0.1877598813152872
      20                 267      2.5664322622499576      0.1910425862079137
      21                 284      3.1016770766043091      0.2169272821947743
      22                 313      3.1758833340669312      0.2203638600253726
      23                 332      3.7333780115411397      0.2449448082041954
      24                 363      3.8166967815073392      0.2484770003322296
      25                 384      4.3915090939734158      0.2717661418548580
      26                 417      4.4831831274353577      0.2753492805616382
      27                 440      5.0713438783090306      0.2973918452925732
      28                 475      5.1706422429040027      0.3009919340576491
      29                 500      5.7689073496806289      0.3218488931302764
      30                 537      5.8751386100575091      0.3254401749813974
      31                 564      6.4808175386400046      0.3451785662642913
      32                 603      6.5933348655569981      0.3487416017337529
      33                 632      7.2041672297853312      0.3674292830049953
      34                 673      7.3223691986220709      0.3709494695727825
      35                 704      7.9364355082339886      0.3886523649995862
      36                 747      8.0597647223262765      0.3921188102968233
      37                 780      8.6754210729589456      0.4088995575760598
      38                 825      8.8033617900035690      0.4123042253763373
      39                 860      9.4191912899033508      0.4282216035773166
      40                 907      9.5512666803333683      0.4315586660954521
      41                 944     10.1660426145466882      0.4466674515680070
      42                 993     10.3018119729873572      0.4499327964147614
      43                1032     10.9144692674290038      0.4642838462110906
      44                1083     11.0535253302517074      0.4674746990046387
      45                1124     11.6631379591928148      0.4811151481887846
      46                1177     11.8051043921586736      0.4842297818051672
      47                1220     12.4108671114008100      0.4972032908563156
      48                1275     12.5553961861465861      0.5002407998662459
      49                1320     13.1566094752665048      0.5125878169782236
      50                1377     13.3033799318022243      0.5155479414295021
      51                1424     13.8994373677967271      0.5273059608918809
      52                1483     14.0481524509937383      0.5301889477138042
      53                1532     14.6385299650247571      0.5413927548964756
      54                1593     14.7889156201009140      0.5441992482092957
      55                1644     15.3731622448062506      0.5548811469364723
      56                1707     15.5249654567646811      0.5576121007441430
      57                1760     16.1026952780447559      0.5678021217553790
      58                1825     16.2556825411868076      0.5704587301066542
      59                1880     16.8265676417744672      0.5801848208592841
      60                1947     16.9805235469454416      0.5827684617441244
      61                2004     17.5442877802631543      0.5920566585934171
      62                2073     17.6990137090159934      0.5945688487161864
      63                2132     18.2554271780429573      0.6034434328538301
      64                2203     18.4107400942672754      0.6058857910766253
      65                2264     18.9596142361853381      0.6143694297105640
      66                2337     19.1153455669092764      0.6167436474495984
      67                2400     19.6565287633692591      0.6248575216819932
      68                2475     19.8125233614057166      0.6271653389106411
      69                2540     20.3458970085036199      0.6349292596805305
      70                2617     20.5020121904136161      0.6371724454755969
      71                2684     21.0274871733243387      0.6446049588152944
      72                2763     21.1835918268353325      0.6467852956008486
      73                2832     21.7011053524984092      0.6539037783304296
      74                2913     21.8570791080753608      0.6560230491423855
      75                2984     22.3665918560277177      0.6628437960052955
      76                3067     22.5223243177719255      0.6649037742319446
      77                3140     23.0238178746349362      0.6714420773620327
      78                3225     23.1792079060989167      0.6734445185195668
      79                3300     23.6726824536716336      0.6797147400278227
      80                3387     23.8276375145402639      0.6816613752122453
      81                3464     24.3131097451553373      0.6876770135905068
      82                3553     24.4675452750661222      0.6895695443129353
      83                3632     24.9450465109905863      0.6953432952715238
      84                3723     25.0988853570557140      0.6971833894365894
      85                3804     25.5684598533851002      0.7027272017222578
      86                3897     25.7216317382394166      0.7045164905517564
      87                3980     26.1833351510286647      0.7098416172304959
      88                4075     26.3357761784678601      0.7115816929688802
      89                4160     26.7896741818333410      0.7166987386040747
      90                4257     26.9413263773261562      0.7183911528704624
      91                4344     27.3874934149885902      0.7233101169795234
      92                4443     27.5383042985480060      0.7249563796537978
      93                4532     27.9768224568125490      0.7296866967849541
      94                4633     28.1267446458975527      0.7312882753344020
      95                4724     28.5577026364070790      0.7358388520689813
      96                4827     28.7066934766987103      0.7373971712374771
      97                4920     29.1301857184859969      0.7417764203910336
      98                5025     29.2782069405397820      0.7432928621855494
      99                5120     29.6943327319565853      0.7475087344531141
     100                5227     29.8413501318811356      0.7489846383731015
     101                5324     30.2502129039197953      0.7530446516389738
     102                5433     30.3961960463666614      0.7544813151029220
     103                5532     30.7979026897241752      0.7583925816135401
     104                5643     30.9428246316006934      0.7597912605445235
     105                5744     31.3374848905826369      0.7635605121234764
     106                5857     31.4813219240157238      0.7649224216615845
     107                5960     31.8690478510440656      0.7685560331286138
     108                6075     32.0117792642308885      0.7698823484434424
     109                6180     32.3926847293185247      0.7733863593839251
     110                6297     32.5342925839990258      0.7746782165645588
     111                6404     32.9084928340909713      0.7780583515822500
     112                6523     33.0489617584713145      0.7793168485859171
     113                6632     33.4165730220343633      0.7825785361595740
     114                6753     33.5558900180734341      0.7838047338031683
     115                6864     33.9170291507524908      0.7869531238566617
     116                6987     34.0551834148053061      0.7881480468379561
     117                7100     34.4099675823513920      0.7911880271237351
     118                7225     34.5469503382331098      0.7923526650613110
     119                7340     34.8954967332652259      0.7952888764482337
     120                7467     35.0313010768713085      0.7964241849309860
     121                7584     35.3737266663495191      0.7992610356796089
     122                7713     35.5083474210250429      0.8003679373182585
     123                7832     35.8447687216000546      0.8031096164195611
     124                7963     35.9782023035148555      0.8041890018939511
     125                8084     36.3087351821788857      0.8068394915409852
     126                8217     36.4409794750128029      0.8078922206380404
     127                8340     36.7657389727119508      0.8104553078941826
     128                8475     36.8967932110096015      0.8114822105323664
     129                8600     37.2158933870903539      0.8139614982545907
     130                8737     37.3457580476860258      0.8149633754915108
     131                8864     37.6593118432398413      0.8173622925622709
     132                9003     37.7879885441996706      0.8183399175827474
     133                9132     38.0961076625468493      0.8206617284997714
     134                9273     38.2235990691111809      0.8216158475822700
     135                9404     38.5263938718198418      0.8238636614515612
     136                9547     38.6527036088677178      0.8247949949113805
     137                9680     38.9502830258510144      0.8269717738851913
     138                9825     39.0754155964407701      0.8278810169931859
     139                9960     39.3678870488037731      0.8299895841913981
     140               10107     39.4918477583768848      0.8308774080673847
     141               10244     39.7793170928039572      0.8329204550177741
     142               10393     39.9021119786665466      0.8337875074980573
     143               10532     40.1846834122461374      0.8357676011282104
     144               10683     40.3063191779685113      0.8366145076068862
     145               10824     40.5840952524544392      0.8385340968180061
     146               10977     40.7045792068583765      0.8393614610619172
     147               11120     40.9776607514496121      0.8412228829124925
     148               11275     41.0970007518705316      0.8420312878499007
     149               11420     41.3654868536794496      0.8438367733751452
     150               11577     41.4836912532165130      0.8446267818582712
     151               11724     41.7476792346637140      0.8463784615492823
     152               11883     41.8647568331476876      0.8471506170910400
     153               12032     42.1243422355922306      0.8488505260559006
     154               12193     42.2403022340220460      0.8496053535411850
     155               12344     42.4955788069966403      0.8512554363686177
     156               12507     42.6104307652100900      0.8519934427406425
     157               12660     42.8614904606863334      0.8535955580853155
     158               12825     42.9752442580487539      0.8543172330074976
     159               12980     43.2221772292082633      0.8558731579147477
     160               13147     43.3348430281161043      0.8565789744087308
     161               13304     43.5777376321506225      0.8580904083951929
     162               13473     43.6893258441611252      0.8587808234555986
     163               13632     43.9282686486677463      0.8602493923610742
     164               13803     44.0387899030788574      0.8609248475476300
     165               13964     44.2738656956529795      0.8623521071724619
     166               14137     44.3833308103696211      0.8630130291801400
     167               14300     44.6146226110366868      0.8644004687213832
     168               14475     44.7230425655699904      0.8650472699292310
     169               14640     44.9506316417270639      0.8663963152279862
     170               14817     45.0580175521836921      0.8670293942272956
     171               14984     45.2819834357521884      0.8683414108387176
     172               15163     45.3883465316808739      0.8689611529412206
     173               15332     45.6087670381998365      0.8702374490379897
     174               15513     45.7141186411710763      0.8708442267647442
     175               15684     45.9310698905832808      0.8720860558839906
     176               15867     46.0354213943852884      0.8726802294356001
     177               16040     46.2489778332919812      0.8738887930786657
     178               16225     46.3523406856350917      0.8744707107875035
     179               16400     46.5625751108155512      0.8756471608812809
     180               16587     46.6649607964444684      0.8762171596463605
     181               16764     46.8719443794558472      0.8773626008743770
     182               16953     46.9733644045749443      0.8779210065794748
     183               17132     47.1771667172649032      0.8790364985903690
     184               17323     47.2776325951871641      0.8795836265060432
     185               17504     47.4783216359657629      0.8806701860065654
     186               17697     47.5778448739057254      0.8812063411766479
     187               17880     47.7754870946412282      0.8822649439158833
     188               18075     47.8740791815726610      0.8827904215290395
     189               18260     48.0687395149854026      0.8838220041801049
     190               18457     48.1664119104930037      0.8843370899270256
     191               18644     48.3581537979350529      0.8853425518721075
     192               18843     48.4549179219922408      0.8858475222888832
     193               19032     48.6438033415117914      0.8868277273131037
     194               19233     48.7396705651233120      0.8873228501113143
     195               19424     48.9257600597228830      0.8882786280105969
     196               19627     49.0207416963714095      0.8887641623946333
     197               19820     49.2040944023758939      0.8896963105023635
     198               20025     49.2982017002204671      0.8901725074744772
     199               20220     49.4788753756840904      0.8910817921115254
     200               20427     49.5721195104568793      0.8915488947650968
     201               20624     49.7501705635392355      0.8924360526174330
     202               20833     49.8425626320940651      0.8928942964189076
     203               21032     50.0180461493501198      0.8937600358468226
     204               21243     50.1095971638179734      0.8942096489067785
     205               21444     50.2825669383462426      0.8950546511894387
     206               21657     50.3732878208552748      0.8954958545232080
     207               21860     50.5437963802585344      0.8963207750421031
     208               22075     50.6336979581799724      0.8967537828203750
     209               22280     50.8017965922965189      0.8975592521849424
     210               22497     50.8908895939798427      0.8979842719747214
     211               22704     51.0566283823490110      0.8987708970932901
     212               22923     51.1449234333128473      0.8991881300896266
     213               23132     51.3083512723419588      0.8999564951886007
     214               23353     51.3958588918869523      0.9003661364374479
     215               23564     51.5570235216919528      0.9011168040314973
     216               23787     51.6437541199080457      0.9015190426440446
     217               24000     51.8027021508024248      0.9022525544598982
     218               24225     51.8886660259412125      0.9026475738187359
     219               24440     52.0454429645524854      0.9033644516750273
     220               24667     52.1306503007386439      0.9037524296324627
     221               24884     52.2853005757342615      0.9044531762779456
     222               25113     52.3697614409920007      0.9048342853467867
     223               25332     52.5223284283989713      0.9055193852590681
     224               25563     52.6060527729709762      0.9058937927961778
     225               25784     52.7565788210759550      0.9065637129430523
     226               26017     52.8395764760126170      0.9069315813259647
     227               26240     52.9881029298324293      0.9075867718912648
     228               26475     53.0703836058321272      0.9079482586881426
     229               26700     53.2169508311450343      0.9085891537639180
     230               26937     53.2985241176264211      0.9089444118971141
     231               27164     53.4431715245590411      0.9095714301438961
     232               27403     53.5240468889485967      0.9099206080473751
     233               27632     53.6668129551118014      0.9105341533241157
     234               27873     53.7469997423298835      0.9108773950949905
     235               28104     53.8879220355004591      0.9114778570602259
     236               28347     53.9674294676300477      0.9118153026046362
     237               28580     54.1065446679763582      0.9124030572903336
     238               28825     54.1853818441015065      0.9127348424638940
     239               29060     54.3227257659527325      0.9133102528233351
     240               29307     54.4009016621527977      0.9136365095663698
     241               29544     54.5365092753096476      0.9141999259973729
     242               29793     54.6140327447970790      0.9145207824651428
     243               30032     54.7479381953879809      0.9150725433098480
     244               30283     54.8248179687773600      0.9153881239979803
     245               30524     54.9570545996603315      0.9159285560203537
     246               30777     55.0332992853593126      0.9162389818856495
     247               31020     55.1638996560724948      0.9167684007278089
     248               31275     55.2395177407829934      0.9170737893046107
     249               31520     55.3685136470485091      0.9175924999229980
     250               31777     55.4435134963701515      0.9178929654353237
     251               32024     55.5709359891536465      0.9184012625177059
     252               32283     55.6453258482793629      0.9186969159872665
     253               32532     55.7712052524116544      0.9191950843515130
     254               32793     55.8449932469081958      0.9194860337018239
     255               33044     55.9693591792732050      0.9199743486773063
     256               33307     56.0425533159380009      0.9202606988340140
     257               33560     56.1654347032325418      0.9207394266265027
     258               33825     56.2380428710212712      0.9210212796140919
     259               34080     56.3594679670933729      0.9214906776548893
     260               34347     56.4314979381097785      0.9217681326899071
     261               34604     56.5514943408814830      0.9222284499700203
     262               34873     56.6229537714241431      0.9225016035509482
     263               35132     56.7415484394042622      0.9229530809409722
     264               35403     56.8124448710648906      0.9232220269348898
     265               35664     56.9296641394609324      0.9236648974912839
     266               35937     57.0000050002684375      0.9239297272174308
     267               36200     57.1158745967019073      0.9243642164758333
     268               36475     57.1856672023069237      0.9246250187862167
     269               36740     57.3002122621410095      0.9250513450423913
     270               37017     57.3694638170365536      0.9253082063995163
     271               37284     57.4827088983228762      0.9257265809785279
     272               37563     57.5514264970966067      0.9259795855304017
     273               37832     57.6633955951475698      0.9263902130445304
     274               38113     57.7315862237622710      0.9266394426970147
     275               38384     57.8423027853584770      0.9270425212929657
     276               38667     57.9099733224557340      0.9272880557795883
     277               38940     58.0194602596932967      0.9276837773754621
     278               39225     58.0866174779189137      0.9279256943247985
     279               39500     58.1948971817056488      0.9283142448372986
     280               39787     58.2615477490508979      0.9285526198379949
     281               40064     58.3686421022593507      0.9289341794003162
     282               40353     58.4347925834174262      0.9291690860638598
     283               40632     58.5407229737001913      0.9295438292346757
     284               40923     58.6063798314337205      0.9297753392559874
     285               41204     58.7111671637108614      0.9301434352199517
     286               41497     58.7763367602295332      0.9303716184358944
     287               41780     58.8800014688536137      0.9307332311960160
     288               42075     58.9446900671961274      0.9309581556418801
     289               42360     59.0472521278030698      0.9313134442041456
     290               42657     59.1114658932260753      0.9315351761682183
     291               42944     59.2129448342792060      0.9318842947188196
     292               43243     59.2766898356465006      0.9321028987950707
     293               43532     59.3771047496800648      0.9324459968705455
     294               43833     59.4403869608538926      0.9326615360095273
     295               44124     59.5397565154244219      0.9329987586601248
     296               44427     59.6025818166543004      0.9332112942181537
     297               44720     59.7009242650058312      0.9335427821647454
     298               45025     59.7632984443157298      0.9337523739514112
     299               45320     59.8606316357661186      0.9340782637362052
     300               45627     59.9225603903362654      0.9342849700602861
     301               45924     60.0189017803917366      0.9346053941916302
     302               46233     60.0803907179357353      0.9348092719054638
     303               46532     60.1757573781398563      0.9351243589969854
     304               46843     60.2368120182744136      0.9353254635393567
     305               47144     60.3312206457978917      0.9356353384436867
     306               47457     60.3918464214055248      0.9358337238812861
     307               47760     60.4853133483850698      0.9361385078186010
     308               48075     60.5455156069665819      0.9363342268861089
     309               48380     60.6380568095960442      0.9366340375677144
     310               48697     60.6978408146138761      0.9368271417065487
     311               49004     60.7894719219974959      0.9371220934537176
     312               49323     60.8488428542091313      0.9373126328495264
     313               49632     60.9395791569801659      0.9376028367077737
     314               49953     60.9985421157582053      0.9377908603266673
     315               50264     61.0883985744696432      0.9380764241756946
     316               50587     61.1469585791115620      0.9382619797993094
     317               50900     61.2359498324069946      0.9385430084587537
     318               51225     61.2941118234312015      0.9387261427181647
     319               51540     61.3822521959983547      0.9390027380493752
     320               51867     61.4400210364271189      0.9391834964579097
     321               52184     61.5273245467410348      0.9394557574618808
     322               52513     61.5847050233696010      0.9396341844468642
     323               52832     61.6711853912322923      0.9399022073584983
     324               53163     61.7281822158837556      0.9400783462919858
     325               53484     61.8138528697634300      0.9403422246708505
     326               53817     61.8704706805293156      0.9405161178993490
     327               54140     61.9553447647064459      0.9407759427170500
     328               54475     62.0115881271714287      0.9409476315903101
     329               54800     62.0956785086948528      0.9412034913146482
     330               55137     62.1515519171476072      0.9413730162135220
     331               55464     62.2348711926075637      0.9416249968895246
     332               55803     62.2903790712347316      0.9417923972529411
     333               56132     62.3729395733575203      0.9420405825809425
     334               56473     62.4280862774225866      0.9422058969320272
     335               56804     62.5099000814894694      0.9424503683428894
     336               57147     62.5646898984959492      0.9426136343142598
     337               57480     62.6457688285938232      0.9428544710418486
     338               57825     62.7002059794323614      0.9430157254001074
     339               58160     62.7805616145385912      0.9432530045511530
     340               58507     62.8346502546170953      0.9434122832206254
     341               58844     62.9142939345250127      0.9436460798420508
     342               59193     62.9680381548839776      0.9438034179277554
     343               59532     63.0469809859716364      0.9440338050715956
     344               59883     63.1003848143823589      0.9441892368815278
     345               60224     63.1786376752290906      0.9444162856675183
     346               60577     63.2317050772748601      0.9445698447342233
     347               60920     63.3092786241303500      0.9447936244101526
     348               61275     63.3620135042732571      0.9449453435116347
     349               61620     63.4389181763829768      0.9451659215115663
     350               61977     63.4913243790125321      0.9453158326915608
     351               62324     63.5675704038032805      0.9455332746919897
     352               62683     63.6196517142697715      0.9456814092795985
     353               63032     63.6952491123991607      0.9458957792536217
     354               63393     63.7470092580308076      0.9460421678823588
     355               63744     63.8219678483039630      0.9462535281519652
     356               64107     63.8734104994074201      0.9463982007782205
     357               64460     63.9477399035656688      0.9466066120647357
     358               64825     63.9988686744106090      0.9467495979856694
     359               65180     64.0725783217945661      0.9469551194584519
     360               65547     64.1233967715827191      0.9470964473293567
     361               65904     64.1964959036738776      0.9472991366528113
     362               66273     64.2470075374917826      0.9474388345039401
     363               66632     64.3195052123354287      0.9476387478828999
     364               67003     64.3697134820913277      0.9477768431358039
     365               67364     64.4416185786039080      0.9479740353593556
     366               67737     64.4915268839493763      0.9481105548427141
     367               68100     64.5628481061143304      0.9483050793265270
     368               68475     64.6124597953505884      0.9484400492915145
     369               68840     64.6832056763056755      0.9486319581187191
     370               69217     64.7325240472739267      0.9487654042539168
     371               69584     64.8027029532914014      0.9489547482146009
     372               69963     64.8517312542479942      0.9490866956604548
     373               70332     64.9213513886118392      0.9492735242898210
     374               70713     64.9700928190895013      0.9494039976526890
     375               71084     65.0391622258736959      0.9495883592679210
     376               71467     65.0876199375263980      0.9497173826336937
     377               71840     65.1561465052742790      0.9498993243695940
     378               72225     65.2043236027086834      0.9500269213169238
     379               72600     65.2723150680181732      0.9502064891603518
     380               72987     65.3202146096099057      0.9503326827734909
     381               73364     65.3876785606258011      0.9505099215966627
     382               73753     65.4353035593211132      0.9506347344779232
     383               74132     65.5022474391390404      0.9508096880706013
     384               74523     65.5496008632435689      0.9509331423524684
     385               74904     65.6160319732246364      0.9511058534530864
     386               75297     65.6631167471765878      0.9512279708099619
     387               75680     65.7290422501795604      0.9513984811357309
     388               76075     65.7758612553099340      0.9515192827953530
     389               76460     65.8412881788386528      0.9516876330713776
     390               76857     65.8878442541184484      0.9518071398259064
     391               77244     65.9527794933900111      0.9519733698133427
     392               77643     65.9990754361629968      0.9520916020301294
     393               78032     66.0635257570980059      0.9522557505534465
     394               78433     66.1095643238009814      0.9523727281854980
     395               78824     66.1735363659373377      0.9525348331588334
     396               79227     66.2193202728069821      0.9526505757549714
     397               79620     66.2828205521397820      0.9528106742076544
     398               80025     66.3283524759070531      0.9529252009224000
     399               80420     66.3913873876576019      0.9530833290236428
     400               80827     66.4366699662292319      0.9531966586268114
     401               81224     66.4992457875427192      0.9533528517096163
     402               81633     66.5442816206703185      0.9534650025956467
     403               82032     66.6064045132460194      0.9536192951799446
     404               82443     66.6511961631837551      0.9537302853769644
     405               82844     66.7128721758386121      0.9538827111920306
     406               83257     66.7574221679874711      0.9539925583706713
     407               83660     66.8186572391575453      0.9541431503768062
     408               84075     66.8629680626989682      0.9542518718587741
     409               84480     66.9237680228744409      0.9544006622683375
     410               84897     66.9678421313916203      0.9545082750347452
     411               85304     67.0282127054945533      0.9546552953324933
     412               85723     67.0720525175820228      0.9547618160319588
     413               86132     67.1319993272819886      0.9549070969947694
     414               86553     67.1756072271460027      0.9550125419512890
     415               86964     67.2351357931205769      0.9551561136672627
     416               87387     67.2785141311651671      0.9552604988878909
     417               87800     67.3376298753017011      0.9554023907748589
     418               88225     67.3807809687077395      0.9555057319571393
     419               88640     67.4394892162527810      0.9556459727805983
     420               89067     67.4824153495420944      0.9557482853198226
     421               89484     67.5407213311961812      0.9558869032103251
     422               89913     67.5834247567884461      0.9559882022065936
     423               90332     67.6413336107496264      0.9561252246765933
     424               90763     67.6838165495079522      0.9562255249416592
     425               91184     67.7413333234659660      0.9563609789018480
     426               91617     67.7835979652323033      0.9564602949658102
     427               92040     67.8407276183120587      0.9565942067409562
     428               92475     67.8827761224318067      0.9566925528587519
     429               92900     67.9395235270904152      0.9568249482030543
     430               93337     67.9813580229295269      0.9569223383607767
     431               93764     68.0377279668064432      0.9570532424727650
     432               94203     68.0793505542559672      0.9571496903938267
     433               94632     68.1353477419782791      0.9572791279307998
     434               95073     68.1767604919524217      0.9573746470819197
     435               95504     68.2323895468964849      0.9575026421739578
     436               95947     68.2735945018193036      0.9575972457709948
     437               96380     68.3288599678285493      0.9577238220345524
     438               96825     68.3698591421124604      0.9578175230481872
     439               97260     68.4247654851743334      0.9579427035992837
     440               97707     68.4655608656896391      0.9580355147605361
     441               98144     68.5201124755726880      0.9581593222275483
     442               98593     68.5607060221081781      0.9582512560331752
     443               99032     68.6149072139586735      0.9583737125692576
     444               99483     68.6553008596745542      0.9584647812869912
     445               99924     68.7091558755739982      0.9585859085821301
     446              100377     68.7493515274442473      0.9586761242557803
     447              100820     68.8028645379311286      0.9587959435484924
     448              101275     68.8428640771803941      0.9588853180029319
     449              101720     68.8960391827357910      0.9590038500916224
     450              102177     68.9358444652663422      0.9590923949376194
     451              102624     68.9886856977620653      0.9592096601916021
     452              103083     69.0282985545723875      0.9592973868305504
     453              103532     69.0808098786859262      0.9594134052007676
     454              103993     69.1202321162839155      0.9595003248292876
     455              104444     69.1724174308796762      0.9596151158586989
     456              104907     69.2116508316850911      0.9597012394731087
     457              105360     69.2635139711630075      0.9598148223067907
     458              105825     69.3025602939056569      0.9599001607074852
     459              106280     69.3541050295176831      0.9600125541024432
     460              106747     69.3929660096245868      0.9600971178981438
     461              107204     69.4441960507600982      0.9602083402328397
     462              107673     69.4828734007397486      0.9602921398447476
     463              108132     69.5337923961808713      0.9604022091283529
     464              108603     69.5722878059960124      0.9604852547941855
     465              109064     69.6228993451431108      0.9605941886755830
     466              109537     69.6612144825795383      0.9606764904535304
     467              110000     69.7115220966495883      0.9607843062300500
     468              110475     69.7496586076778442      0.9608658740025983
     469              110940     69.7996657708719397      0.9609725886285124
     470              111417     69.8376252799999122      0.9610534321062104
     471              111884     69.8873354106471254      0.9611590622009903
     472              112363     69.9251195212706023      0.9612391909260926
     473              112832     69.9745359829419442      0.9613437527824366
     474              113313     70.0121462776837404      0.9614231761324671
     475              113784     70.0612723802828725      0.9615266857241006
     476              114267     70.0987104213291161      0.9616054129153321
     477              114740     70.1475494221564588      0.9617078859045910
     478              115225     70.1848167515849752      0.9617859259954326
     479              115700     70.2333718563773743      0.9618873777406448
     480              116187     70.2704699964815802      0.9619647396349457
     481              116664     70.3187443604296334      0.9620651851975967
     482              117153     70.3556748140345292      0.9621418776478733
     483              117632     70.4036715427737079      0.9622413317995923
     484              118123     70.4404357935472092      0.9623173634101775
     485              118604     70.4881579441294264      0.9624158406395126
     486              119097     70.5247574568888069      0.9624912198696250
     487              119580     70.5722080387303379      0.9625887343886469
     488              120075     70.6086442597410553      0.9626634695553807
     489              120560     70.6558262355484601      0.9627600353061080
     490              121057     70.6921005928191732      0.9628341345873607
     491              121544     70.7390168794948124      0.9629297652480043
     492              122043     70.7751307830655776      0.9630032366853282
     493              122532     70.8217842525932895      0.9630979456763721
     494              123033     70.8577390948205164      0.9631707971777622
     495              123524     70.9041325751298075      0.9632645976678774
     496              124027     70.9399297309638257      0.9633368370104834
     497              124520     70.9860660067762694      0.9634297419222876
     498              125025     71.0217068340354842      0.9635013767550705
     499              125520     71.0675886476912808      0.9635933987707309
     500              126027     71.1030744873304172      0.9636644366170509
     501              126524     71.1487045395957409      0.9637555881837442
     502              127033     71.1840367159691425      0.9638260364438870
     503              127532     71.2294176668279704      0.9639163297791046
     504              128043     71.2645974879494304      0.9639861957327599
     505              128544     71.3097319573745665      0.9640756428294867
     506              129057     71.3447607151709633      0.9641449336381486
     507              129560     71.3896512838800561      0.9642335462698867
     508              130075     71.4245302544408389      0.9643022689792143
     509              130580     71.4691794646350615      0.9643900587048998
     510              131097     71.5039099084577003      0.9644582202470086
     511              131604     71.5483202645447989      0.9645451984157768
     512              132123     71.5829034267755731      0.9646128056114950
     513              132632     71.6270773960751796      0.9646989833673388
     514              133153     71.6615145067449646      0.9647660429283945
     515              133664     71.7054545201807230      0.9648514312146922
     516              134187     71.7397467944379343      0.9649179497458545
     517              134700     71.7834552472129133      0.9650025593097807
     518              135225     71.8176038855510512      0.9650685433109579
     519              135740     71.8610831378095156      0.9651523847077911
     520              136267     71.8950893262912416      0.9652178405760704
     521              136784     71.9383417037646211      0.9653009241733769
     522              137313     71.9722066142416850      0.9653658582050303
     523              137832     72.0152344088818666      0.9654481941867518
     524              138363     72.0489591992106568      0.9655126125791823
     525              138884     72.0917646698091232      0.9655942109496144
     526              139417     72.1253504840640574      0.9656581198032662
     527              139940     72.1679358568570422      0.9657389903909358
     528              140475     72.2013838255370217      0.9658023957111602
     529              141000     72.2437512947991252      0.9658825481726064
     530              141537     72.2770625350339913      0.9659454558714823
     531              142064     72.3192142636575852      0.9660248996949411
     532              142603     72.3523898794088325      0.9660873155930630
     533              143132     72.3943279994715283      0.9661660601020569
     534              143673     72.4273690817290401      0.9662279899302629
     535              144204     72.4690956950496741      0.9663060442871115
     536              144747     72.5020033220267521      0.9663674936882048
     537              145280     72.5435205007079560      0.9664448668974396
     538              145825     72.5762957380311207      0.9665058414278355
     539              146360     72.6176055249927401      0.9665825423395246
     540              146907     72.6502494258897684      0.9666430474708888
     541              147444     72.6913538353893784      0.9667190847838872
     542              147993     72.7238674408726240      0.9667791259047215
     543              148532     72.7647684590147890      0.9668545081698453
     544              149083     72.7971527980631379      0.9669140905870511
     545              149624     72.8378523832988378      0.9669888262101577
     546              150177     72.8701084730341506      0.9670479551505479
     547              150720     72.9106085566500894      0.9671220523955609
     548              151275     72.9427374025119377      0.9671807330073582
     549              151820     72.9830398891078005      0.9672541999992038
     550              152377     73.0150424850254751      0.9673124373534908
     551              152924     73.0551492529837390      0.9673852820809680
     552              153483     73.0870265815446771      0.9674430811731128
     553              154032     73.1269394834882576      0.9675153114916902
     554              154593     73.1586925161033435      0.9675726772427374
     555              155144     73.1984133793452258      0.9676443008772958
     556              155707     73.2300430764115333      0.9677012381353339
     557              156260     73.2695737033948546      0.9677722626828226
     558              156825     73.3010810144564573      0.9678287762243171
     559              157380     73.3404231831848676      0.9678992091563637
     560              157947     73.3718090470891013      0.9679553036874554
     561              158504     73.4109645115498495      0.9680251523529012
     562              159073     73.4422298566025518      0.9680808325106888
     563              159632     73.4812003471784863      0.9681501041380706
     564              160203     73.5123460912948588      0.9682053744918612
     565              160764     73.5511333151698352      0.9682740761918364
     566              161337     73.5821603660245671      0.9683289412443633
     567              161900     73.6207660075806132      0.9683970800120670
     568              162475     73.6516752627542530      0.9684515442006897
     569              163040     73.6901009839592405      0.9685191269180508
     570              163617     73.7208933310825785      0.9685731946159247
     571              164184     73.7591407718715288      0.9686402280539123
     572              164763     73.7898170887675917      0.9686939035711338
     573              165332     73.8278878674153987      0.9687603943919608
     574              165913     73.8584490222384318      0.9688136819766949
     575              166484     73.8963447357257621      0.9688796367359677
     576              167067     73.9267915870983359      0.9689325405755421
     577              167640     73.9645138114693452      0.9689979657243665
     578              168225     73.9948472086169033      0.9690504899463467
     579              168800     74.0323974993299601      0.9691153918333700
     580              169387     74.0626182822133785      0.9691675405066141
     581              169964     74.0999981744859895      0.9692319253800327
     582              170553     74.1301071739323163      0.9692837025157280
     583              171132     74.1673181830769011      0.9693475765252447
     584              171723     74.1973162209065151      0.9693989860779045
     585              172304     74.2343598426615188      0.9694623552766400
     586              172897     74.2642477318145495      0.9695134011451060
     587              173480     74.3011254426688481      0.9695762714914727
     588              174075     74.3309039873288100      0.9696269575198787
     589              174660     74.3676172448379873      0.9696893348793968
     590              175257     74.3972872405534815      0.9697396648581135
     591              175844     74.4338374836517858      0.9698015550052052
     592              176443     74.4633997174559852      0.9698515326717748
     593              177032     74.4997883667614076      0.9699129412915076
     594              177633     74.5292436172906321      0.9699625703315510
     595              178224     74.5654720754031075      0.9700235030213363
     596              178827     74.5948211130114203      0.9700727870694460
     597              179420     74.6308907648074467      0.9701332493407143
     598              180025     74.6601343516813074      0.9701821919813266
     599              180620     74.6960465646007208      0.9702421892611442
     600              181227     74.7251854548709105      0.9702907940293984
     601              181824     74.7609415791992262      0.9703503316620744
     602              182433     74.7899765190504979      0.9703986020446472
     603              183032     74.8255778881945446      0.9704576852932884
     604              183643     74.8545096159747061      0.9705056247292169
     605              184244     74.8899575467347347      0.9705642587772351
     606              184857     74.9187867930599225      0.9706118706587227
     607              185460     74.9540825858952928      0.9706700606113449
     608              186075     74.9828100737563830      0.9707173482845531
     609              186680     75.0179550130464179      0.9707750991702609
     610              187297     75.0465814579114578      0.9708220659360761
     611              187904     75.0815768122114093      0.9708793827080439
     612              188523     75.1101029221264582      0.9709260318228415
     613              189132     75.1449499444177889      0.9709829193603124
     614              189753     75.1733764201082693      0.9710292540366948
     615              190364     75.2080763480456937      0.9710857171463644
     616              190987     75.2364038830124002      0.9711317405538925
     617              191600     75.2709579391646173      0.9711877839712252
     618              192225     75.2991872197823966      0.9712334992371331
     619              192840     75.3335966118699218      0.9712891276276706
     620              193467     75.3617283174813508      0.9713345378375616
     621              194084     75.3959942386084947      0.9713897557981997
     622              194713     75.4240290416180699      0.9714348639967362
     623              195332     75.4581526705008798      0.9714896760569743
     624              195963     75.4860912364670469      0.9715344852485476
     625              196584     75.5200737376580093      0.9715888958717053
     626              197217     75.5479167253831463      0.9716334090210980
     627              197840     75.5817592494887265      0.9716874226055142
     628              198475     75.6095073111094678      0.9717316426385411
     629              199100     75.6432109950079905      0.9717852635187411
     630              199737     75.6708647760810607      0.9718291933228963
     631              200364     75.7044307431335994      0.9718824257707451
     632              201003     75.7319908827237498      0.9719260681958118
     633              201632     75.7654202429810368      0.9719789164216185
     634              202273     75.7928873737453443      0.9720222742802810
     635              202904     75.8261812241518385      0.9720747424339108
     636              203547     75.8535559724231518      0.9721178185023568
     637              204180     75.8867153970172978      0.9721699106742941
     638              204825     75.9139983828871152      0.9722127076928001
     639              205460     75.9470244529976242      0.9722644279152085
     640              206107     75.9742162903961855      0.9723069485887142
     641              206744     76.0071100648341655      0.9723583008364581
     642              207393     76.0342113616110566      0.9724005478351340
     643              208032     76.0669738868602678      0.9724515360267912
     644              208683     76.0939852448626368      0.9724935119865895
     645              209324     76.1266175552638913      0.9725441399854317
     646              209977     76.1535395704125051      0.9725858475086294
     647              210620     76.1860426883482376      0.9726361191235936
     648              211275     76.2128759507154143      0.9726775607793309
     649              211920     76.2452508867861241      0.9727274797659685
     650              212577     76.2719959806696295      0.9727686580907687
     651              213224     76.3042437338712318      0.9728182281521617
     652              213883     76.3309012378684031      0.9728591456504437
     653              214532     76.3630227957643513      0.9729083704381182
     654              215193     76.3895932828436628      0.9729490295827036
     655              215844     76.4215896217351371      0.9729979126975289
     656              216507     76.4480736593089034      0.9730383159301320
     657              217160     76.4799457444007942      0.9730868609231694
     658              217825     76.5063438943941776      0.9731270106548874
     659              218480     76.5380926799590213      0.9731752210282586
     660              219147     76.5644054988808591      0.9732151196400433
     661              219804     76.5960319284185687      0.9732629988477645
     662              220473     76.6222599674286187      0.9733026486908928
     663              221132     76.6537649738255311      0.9733502001396878
     664              221803     76.6799087788011491      0.9733896035362223
     665              222464     76.7112932844840145      0.9734368305863329
     666              223137     76.7373533960875136      0.9734759898295658
     667              223800     76.7686183131763471      0.9735228957955323
     668              224475     76.7945952669192877      0.9735618131504354
     669              225140     76.8257414973769244      0.9736084013018699
     670              225817     76.8516358236846315      0.9736470790055253
     671              226484     76.8826642594620751      0.9736933525678623
     672              227163     76.9084764837367345      0.9737317928298882
     673              227832     76.9393880069202112      0.9737777549851278
     674              228513     76.9651186496024309      0.9738159599880926
     675              229184     76.9959141325532244      0.9738616138755199
     676              229867     77.0215637091845622      0.9738995857753631
     677              230540     77.0522440146795304      0.9739449344922745
     678              231225     77.0778130359621798      0.9739826754187061
     679              231900     77.1083790173294403      0.9740277220210903
     680              232587     77.1338679891853474      0.9740652340779840
     681              233264     77.1643204904397919      0.9741099815812130
     682              233953     77.1897299140695452      0.9741472668469958
     683              234632     77.2200697700447165      0.9741917182264904
     684              235323     77.2454001419854706      0.9742287787545253
     685              236004     77.2756281784644727      0.9742729369464093
     686              236697     77.3008799906471893      0.9743097747653769
     687              237380     77.3309970244884823      0.9743536426671316
     688              238075     77.3561707642922158      0.9743902597813848
     689              238760     77.3861776035568312      0.9744338402524705
     690              239457     77.4112737538656290      0.9744702386424152
     691              240144     77.4411711979402355      0.9745135345048971
     692              240843     77.4661902371967983      0.9745497161273312
     693              241532     77.4959790769140398      0.9745927301664746
     694              242233     77.5209214791729835      0.9746286969549430
     695              242924     77.5506024969323846      0.9746714319198254
     696              243627     77.5754687319141283      0.9747071857849700
     697              244320     77.6050427017974300      0.9747496443890514
     698              245025     77.6298332349386726      0.9747851872189383
     699              245720     77.6593009228264748      0.9748273721406403
     700              246427     77.6840162153327753      0.9748627058010934
     701              247124     77.7133783790172004      0.9749046196843588
     702              247833     77.7380188879122045      0.9749397460192933
     703              248532     77.7672762772083104      0.9749813914741366
     704              249243     77.7918424553842840      0.9750163123058678
     705              249944     77.8209958122402838      0.9750576919089177
     706              250657     77.8454881085072259      0.9750924090384835
     707              251360     77.8745381671110692      0.9751335253335139
     708              252075     77.8989570262447444      0.9751680405409789
     709              252780     77.9279045131306987      0.9752088960394268
     710              253497     77.9522503759198173      0.9752432110841903
     711              254204     77.9810960100727186      0.9752838082656629
     712              254923     78.0053693133670834      0.9753179248867466
     713              255632     78.0341138063239157      0.9753582661995311
     714              256353     78.0583149830794412      0.9753921861158877
     715              257064     78.0869590390307451      0.9754322739774398
     716              257787     78.1110885183553307      0.9754659988882269
     717              258500     78.1396328342447362      0.9755058356856446
     718              259225     78.1636910414439114      0.9755393672705192
     719              259940     78.1921363070647715      0.9755789553610302
     720              260667     78.2161236636847832      0.9756122952804204
     721              261384     78.2444705617762395      0.9756516369918365
     722              262113     78.2683874856490149      0.9756847868872190
     723              262832     78.2966366919900167      0.9757238845183952
     724              263563     78.3204835972755120      0.9757568460125573
     725              264284     78.3486357807779257      0.9757957018338405
     726              265017     78.3724130780063035      0.9758284765311530
     727              265740     78.4004689008060325      0.9758670927848206
     728              266475     78.4241769969203517      0.9758996822714966
     729              267200     78.4521371144668649      0.9759380611721856
     730              267937     78.4757764128629844      0.9759704670165269
     731              268664     78.5036414740083330      0.9760086107516582
     732              269403     78.5272123745767487      0.9760408345043218
     733              270132     78.5549830216616840      0.9760787452345249
     734              270873     78.5784859208278874      0.9761107884287589
     735              271604     78.6061627897678079      0.9761484682882630
     736              272347     78.6295980805301440      0.9761803324401462
     737              273080     78.6571818008981438      0.9762177835371973
     738              273825     78.6805498728686246      0.9762494701458925
     739              274560     78.7080410679801332      0.9762866945631344
     740              275307     78.7313423074213290      0.9763182051111147
     741              276044     78.7587415944142037      0.9763552049059844
     742              276793     78.7819763842785790      0.9763865408592601
     743              277532     78.8092843741933677      0.9764233180643610
     744              278283     78.8324530941594332      0.9764544808727161
     745              279024     78.8596703920186144      0.9764910374961960
     746              279777     78.8827734185287284      0.9765220285934054
     747              280520     78.9099006234144156      0.9765583666193191
     748              281275     78.9329383297098559      0.9765891874233742
     749              282020     78.9599760348395705      0.9766253088120406
     750              282777     78.9829487909984493      0.9766559607253592
     751              283524     79.0098975838010631      0.9766918674137227
     752              284283     79.0328057567719213      0.9767223518233655
     753              285032     79.0596662189617234      0.9767580457253339
     754              285793     79.0825101725983757      0.9767883640032079
     755              286544     79.1092828802469796      0.9768238470099994
     756              287307     79.1320629753437004      0.9768540005130787
     757              288060     79.1587484989524626      0.9768892744935486
     758              288825     79.1814650932782627      0.9769192645640595
     759              289580     79.2080639978492229      0.9769543313650421
     760              290347     79.2307174461800798      0.9769841593306724
     761              291104     79.2572302912844009      0.9770190207772907
     762              291873     79.2798209454367395      0.9770486879513850
     763              292632     79.3062482852849655      0.9770833458473794
     764              293403     79.3287764941495368      0.9771128535291232
     765              294164     79.3551188776571905      0.9771473096571514
     766              294937     79.3775849872284596      0.9771766591317771
     767              295700     79.4038429580827767      0.9772109152537295
     768              296475     79.4262473114929151      0.9772401077926872
     769              297240     79.4524214082191804      0.9772741656499883
     770              298017     79.4747643457685342      0.9773032025111424
     771              298784     79.5008551017927800      0.9773370638250397
     772              299563     79.5231369609809633      0.9773659462528389
     773              300332     79.5491449046956234      0.9773996127247025
     774              301113     79.5713660202510766      0.9774283419503637
     775              301884     79.5972916750748993      0.9774618152619640
     776              302667     79.6194523789863240      0.9774903925036459
     777              303440     79.6452962634271273      0.9775236743174384
     778              304225     79.6673968849719074      0.9775521007804192
     779              305000     79.6931595126872878      0.9775851927398239
     780              305787     79.7152003784608780      0.9776134696166640
     781              306564     79.7408822583169297      0.9776463733463275
     782              307353     79.7628636922620728      0.9776745018170331
     783              308132     79.7884653283928458      0.9777072189231063
     784              308923     79.8103876518282220      0.9777352001553078
     785              309704     79.8359095436926225      0.9777677322257005
     786              310497     79.8577730753404751      0.9777955673748034
     787              311280     79.8832157177811553      0.9778279159794477
     788              312075     79.9050207737952576      0.9778556061887901
     789              312860     79.9303846570924463      0.9778877728798888
     790              313657     79.9521315510846478      0.9779153192809099
     791              314444     79.9774171610124256      0.9779473055931879
     792              315243     79.9991062040814143      0.9779747093055707
     793              316032     80.0243140219623399      0.9780065167565198
     794              316833     80.0459455227186538      0.9780337788883505
     795              317624     80.0710760254767422      0.9780654089784723
     796              318427     80.0926502900693151      0.9780925306263829
     797              319220     80.1177039502835839      0.9781239848394242
     798              320025     80.1392212824260071      0.9781509670887488
     799              320820     80.1641985683827158      0.9781822468919307
     800              321627     80.1856592693788741      0.9782090908168447
     801              322424     80.2105606451217170      0.9782401976611025
     802              323233     80.2319650138913119      0.9782669043247630
     803              324032     80.2567909392725198      0.9782978396449565
     804              324843     80.2781392723753413      0.9783244100996539
     805              325644     80.3028902031059886      0.9783551753148022
     806              326457     80.3241827947670401      0.9783816106020845
     807              327260     80.3488591824654748      0.9784122071155802
     808              328075     80.3700963245989612      0.9784385082664006
     809              328880     80.3946986168391220      0.9784689374662182
     810              329697     80.4158805990725511      0.9784951055010626
     811              330504     80.4404092394323413      0.9785253687599814
     812              331323     80.4615363491306255      0.9785514046890048
     813              332132     80.4859917772381266      0.9785815033647992
     814              332953     80.5070642995266041      0.9786074081879573
     815              333764     80.5314469511066875      0.9786373436236205
     816              334587     80.5524651688932920      0.9786631183307909
     817              335400     80.5767754758139461      0.9786928918547150
     818              336225     80.5977396698144446      0.9787185374258315
     819              337040     80.6219780601296350      0.9787481503520271
     820              337867     80.6428885088876939      0.9787736677571987
     821              338684     80.6670554068840318      0.9788031213854688
     822              339513     80.6879123867944656      0.9788285115851066
     823              340332     80.7120082130336698      0.9788578072012565
     824              341163     80.7328119983644967      0.9788830711461912
     825              341984     80.7568371697261966      0.9789122100221966
     826              342817     80.7775880326400113      0.9789373486537988
     827              343640     80.8015429623661419      0.9789663320480092
     828              344475     80.8222411729414318      0.9789913462983088
     829              345300     80.8461262706751143      0.9790201754556150
     830              346137     80.8667720969275763      0.9790450662474112
     831              346964     80.8905877687569443      0.9790737423994392
     832              347803     80.9111814766605733      0.9790985106464237
     833              348632     80.9349281251575974      0.9791270350116966
     834              349473     80.9554699786645813      0.9791516816185543
     835              350304     80.9791480029263937      0.9791800554026725
     836              351147     80.9996382639883166      0.9792045812652014
     837              351980     81.0232480596766607      0.9792328056610201
     838              352825     81.0436869882642839      0.9792572116662320
     839              353660     81.0672289476440540      0.9792852878540147
     840              354507     81.0876168017664156      0.9793095748802542
     841              355344     81.1110913137437990      0.9793375040278475
     842              356193     81.1314283494684503      0.9793616729448832
     843              357032     81.1548357996295806      0.9793894562078850
     844              357883     81.1751222711027083      0.9794135078770244
     845              358724     81.1984630417508981      0.9794411463989275
     846              359577     81.2186992012152302      0.9794650816731155
     847              360420     81.2419736714075782      0.9794925765854846
     848              361275     81.2621597692213697      0.9795163963094072
     849              362120     81.2853683148049129      0.9795437487320181
     850              362977     81.3055045994611021      0.9795674537421978
     851              363824     81.3286475931098209      0.9795946647831987
     852              364683     81.3487343112542760      0.9796182559080989
     853              365532     81.3718121225022344      0.9796453266641566
     854              366393     81.3918495189519433      0.9796688047242713
     855              367244     81.4148625142304638      0.9796957362807296
     856              368107     81.4348508319917244      0.9797191020886852
     857              368960     81.4577993746625850      0.9797458955196977
     858              369825     81.4777388549477735      0.9797691498803432
     859              370680     81.5006233053374274      0.9797958062490276
     860              371547     81.5205141875840980      0.9798189499595277
     861              372404     81.5433349030170405      0.9798454703180973
     862              373273     81.5631774249038983      0.9798685041680243
     863              374132     81.5859347597355793      0.9798948895579359
     864              375003     81.6057291572004999      0.9799178143293638
     865              375864     81.6284234628500087      0.9799440657814488
     866              376737     81.6481699701059540      0.9799668822490374
     867              377600     81.6708015950882498      0.9799930007836476
     868              378475     81.6905004446414011      0.9800157097147312
     869              379340     81.7130697345990882      0.9800416963418498
     870              380217     81.7327211572641374      0.9800642984965194
     871              381084     81.7552284549983881      0.9800901542159187
     872              381963     81.7748326799155905      0.9801126503471219
     873              382832     81.7972783254168405      0.9801383761484733
     874              383713     81.8168355800669644      0.9801607670020757
     875              384584     81.8392199105457223      0.9801863638650866
     876              385467     81.8587304207678983      0.9802086501799744
     877              386340     81.8810537706847015      0.9802341190745077
     878              387225     81.9005177606903487      0.9802563015826594
     879              388100     81.9227804617851518      0.9802816434688600
     880              388987     81.9421981541741218      0.9803037228954311
     881              389864     81.9644005354965373      0.9803289387238489
     882              390753     81.9837721512729729      0.9803509157872455
     883              391632     82.0059145392094422      0.9803760064989503
     884              392523     82.0252402977966710      0.9803978819109126
     885              393404     82.0473230161000799      0.9804228484376142
     886              394297     82.0666031353556775      0.9804446229032936
     887              395180     82.0886265051726411      0.9804694661674599
     888              396075     82.1078612014022440      0.9804911403854945
     889              396960     82.1298255413014147      0.9805158613004606
     890              397857     82.1490150292748069      0.9805374359630473
     891              398744     82.1709206552752391      0.9805620354331371
     892              399643     82.1900651482407909      0.9805835112261100
     893              400532     82.2119123738358724      0.9806079901467387
     894              401433     82.2310120835331020      0.9806293677496333
     895              402324     82.2528012197208511      0.9806537270074162
     896              403227     82.2718563563967393      0.9806750070935574
     897              404120     82.2935877117031680      0.9806992475664286
     898              405025     82.3125984841248908      0.9807204308029841
     899              405920     82.3342723646315164      0.9807445533602913
     900              406827     82.3532389801004285      0.9807656404083541
     901              407724     82.3748556894691717      0.9807896459109683
     902              408633     82.3937783538350175      0.9808106374256250
     903              409532     82.4153381933347475      0.9808345267260433
     904              410443     82.4342171110088486      0.9808554233564325
     905              411344     82.4557203795387466      0.9808791972988818
     906              412257     82.4745557535060527      0.9808999996882680
     907              413160     82.4960027476207358      0.9809236591087979
     908              414075     82.5147947794556273      0.9809443678946396
     909              414980     82.5361857933898193      0.9809679136212267
     910              415897     82.5549346832667368      0.9809885294352400
     911              416804     82.5762700089589714      0.9810119622878880
     912              417723     82.5949759556667971      0.9810324857561089
     913              418632     82.6162558827830651      0.9810558065469367
     914              419553     82.6349190837372305      0.9810762382897854
     915              420464     82.6561438996953086      0.9810994478231282
     916              421387     82.6747645509506981      0.9811197884554782
     917              422300     82.6959345409414084      0.9811428875279783
     918              423225     82.7145128372044098      0.9811631376592106
     919              424140     82.7356282842160624      0.9811861270599066
     920              425067     82.7541644188570729      0.9812062872939714
     921              425984     82.7752256036975211      0.9812291678043955
     922              426913     82.7937197687634523      0.9812492387398771
     923              427832     82.8147269700812956      0.9812720111341332
     924              428763     82.8331793563066583      0.9812919933643068
     925              429684     82.8541328506150592      0.9813146584091718
     926              430617     82.8725436474353216      0.9813345525220608
     927              431540     82.8934437091320717      0.9813571109770612
     928              432475     82.9118131046943461      0.9813769175555008
     929              433400     82.9326600060841486      0.9813993701730025
     930              434337     82.9509881872591848      0.9814190897946874
     931              435264     82.9717821985748003      0.9814414373199812
     932              436203     82.9900693509678433      0.9814610705575338
     933              437132     83.0108107403898146      0.9814833137289124
     934              438073     83.0290570483533372      0.9815028611499245
     935              439004     83.0497460820324989      0.9815250006987725
     936              439947     83.0679517286762064      0.9815444628658762
     937              440880     83.0885886707521024      0.9815664995167442
     938              441825     83.1067538379545283      0.9815858769876556
     939              442760     83.1273389505772400      0.9816078114583408
     940              443707     83.1454638189968307      0.9816271047859119
     941              444644     83.1659973623456210      0.9816489377875456
     942              445593     83.1840821114315361      0.9816681475198242
     943              446532     83.2045643437348588      0.9816898797569314
     944              447483     83.2226091517376574      0.9817090064372110
     945              448424     83.2430403292920289      0.9817306386078081
     946              449377     83.2610453732740154      0.9817496827746831
     947              450320     83.2814257504641944      0.9817712155703376
     948              451275     83.2993912063111281      0.9817901777577388
     949              452220     83.3197210356286462      0.9818116118636419
     950              453177     83.3376470780583816      0.9818304926009062
     951              454124     83.3579266101192218      0.9818518286959622
     952              455083     83.3758134126932475      0.9818706285078677
     953              456032     83.3960428962573417      0.9818918672647524
     954              456993     83.4138906313906716      0.9819105866715784
     955              457944     83.4340703133803174      0.9819317287568133
     956              458907     83.4518791523515517      0.9819503682743779
     957              459860     83.4720092778685796      0.9819714143484058
     958              460825     83.4897793908295682      0.9819899744881252
     959              461780     83.5098602031726784      0.9820109252053707
     960              462747     83.5275917591588097      0.9820294064742922
     961              463704     83.5476234998429561      0.9820502624832351
     962              464673     83.5653166667829908      0.9820686653840988
     963              465632     83.5852995755550694      0.9820894273273438
     964              466603     83.6029545202798943      0.9821077523586149
     965              467564     83.6228888351367630      0.9821284208729514
     966              468537     83.6405057233897935      0.9821466685288706
     967              469500     83.6603916805946994      0.9821672442453452
     968              470475     83.6779706770411451      0.9821854150159787
     969              471440     83.6978085111403232      0.9822058985599570
     970              472417     83.7153497793759414      0.9822239929312334
     971              473384     83.7351397232157808      0.9822443849224632
     972              474363     83.7526434257773360      0.9822624033762216
     973              475332     83.7723857105201262      0.9822827044288961
     974              476313     83.7898520088930070      0.9823006474429258
     975              477284     83.8095468640341608      0.9823208581657487
     976              478267     83.8269759186626118      0.9823387262138289
     977              479240     83.8466235720451039      0.9823588472100647
     978              480225     83.8640155423408657      0.9823766407620170
     979              481200     83.8836162201713194      0.9823966726295706
     980              482187     83.9009712645218713      0.9824143921512890
     981              483164     83.9205251913869290      0.9824343354827499
     982              484153     83.9378434671644129      0.9824519814362488
     983              485132     83.9573508660457435      0.9824718368189539
     984              486123     83.9746325296164571      0.9824894096624067
     985              487104     83.9940936219055914      0.9825091776784988
     986              488097     84.0113388286374914      0.9825266778662763
     987              489080     84.0307538341511133      0.9825463590927662
     988              490075     84.0479627384234220      0.9825637870754734
     989              491060     84.0673318754184891      0.9825833820842890
     990              492057     84.0845046306287429      0.9826007383088146
     991              493044     84.1038281158169809      0.9826202476668596
     992              494043     84.1209648743903529      0.9826375325764024
     993              495032     84.1402429229520692      0.9826569568456133
     994              496033     84.1573438363489288      0.9826741708797248
     995              497024     84.1765766619481894      0.9826935106171225
     996              498027     84.1936418806727431      0.9827106542117495
     997              499020     84.2128296954719247      0.9827299099694934
     998              500025     84.2298593690801738      0.9827469835570034
     999              501020     84.2490023837525825      0.9827661558824498
    1000              502027     84.2659966608594289      0.9827831598916775
